#
# A fatal error has been detected by the Java Runtime Environment:
#
#  SIGFPE (0x8) at pc=0x000000011af9f168, pid=25370, tid=7683
#
# JRE version: OpenJDK Runtime Environment (15.0.1+9) (build 15.0.1+9-18)
# Java VM: OpenJDK 64-Bit Server VM (15.0.1+9-18, mixed mode, sharing, tiered, compressed oops, g1 gc, bsd-amd64)
# Problematic frame:
# j  Division.intDivide(II)I+0
#
# No core dump will be written. Core dumps have been disabled. To enable core dumping, try "ulimit -c unlimited" before starting Java again
#
# If you would like to submit a bug report, please visit:
#   https://bugreport.java.com/bugreport/crash.jsp
#

---------------  S U M M A R Y ------------

Command Line: DivisionDriver

Host: MacBookPro17,1 x86_64 2400 MHz, 8 cores, 8G, Darwin 20.3.0
Time: Mon Apr 12 23:02:01 2021 CDT elapsed time: 5.752175 seconds (0d 0h 0m 5s)

---------------  T H R E A D  ---------------

Current thread (0x00007f92c5808e00):  JavaThread "main" [_thread_in_Java, id=7683, stack(0x000000030c599000,0x000000030c699000)]

Stack: [0x000000030c599000,0x000000030c699000],  sp=0x000000030c698a48,  free space=1022k
Native frames: (J=compiled Java code, A=aot compiled Java code, j=interpreted, Vv=VM code, C=native code)
j  Division.intDivide(II)I+0
j  DivisionDriver.main([Ljava/lang/String;)V+26
v  ~StubRoutines::call_stub
V  [libjvm.dylib+0x4ad942]  _ZN9JavaCalls11call_helperEP9JavaValueRK12methodHandleP17JavaCallArgumentsP6Thread+0x2e2
V  [libjvm.dylib+0x50e509]  _ZL17jni_invoke_staticP7JNIEnv_P9JavaValueP8_jobject11JNICallTypeP10_jmethodIDP18JNI_ArgumentPusherP6Thread+0x1f9
V  [libjvm.dylib+0x511cae]  jni_CallStaticVoidMethod+0x19e
C  [libjli.dylib+0x4f3d]  JavaMain+0xc1d
C  [libjli.dylib+0x7659]  ThreadJavaMain+0x9
C  [libsystem_pthread.dylib+0x6950]  _pthread_start+0xe0
C  [libsystem_pthread.dylib+0x247b]  thread_start+0xf


siginfo: si_signo: 8 (SIGFPE), si_code: 5 (FPE_FLTINV), si_addr: 0x000000011af9f168

Register to memory mapping:

RAX=0x000000000000000d is an unknown value
RBX=0x000000000000006c is an unknown value
RCX=0x0 is NULL
RDX=0x0 is NULL
RSP=0x000000030c698a48 is pointing into the stack for thread: 0x00007f92c5808e00
RBP=0x000000030c698a90 is pointing into the stack for thread: 0x00007f92c5808e00
RSI=0x0000000000000001 is an unknown value
RDI=0x0000000000000001 is an unknown value
R8 ={method} {0x0000000130fc4b78} 'intDivide' '(II)I' in 'Division'
R9 =0x00007f92c4645950 points into unknown readable memory: 0x0000000130fc4628 | 28 46 fc 30 01 00 00 00
R10=0x000000011144a8c0: _ZN19TemplateInterpreter13_active_tableE+0x2000 in /Applications/jGRASP.app/Contents/Resources/jgrasp/bundled/java/Contents/Home/lib/server/libjvm.dylib at 0x0000000110800000
R11=0x00000000ffffffff is an unknown value
R12=0x0 is NULL
R13=0x0000000130fc4b3a is pointing into metadata
R14=0x000000030c698ab0 is pointing into the stack for thread: 0x00007f92c5808e00
R15=0x00007f92c5808e00 is a thread


Registers:
RAX=0x000000000000000d, RBX=0x000000000000006c, RCX=0x0000000000000000, RDX=0x0000000000000000
RSP=0x000000030c698a48, RBP=0x000000030c698a90, RSI=0x0000000000000001, RDI=0x0000000000000001
R8 =0x0000000130fc4b78, R9 =0x00007f92c4645950, R10=0x000000011144a8c0, R11=0x00000000ffffffff
R12=0x0000000000000000, R13=0x0000000130fc4b3a, R14=0x000000030c698ab0, R15=0x00007f92c5808e00
RIP=0x000000011af9f168, EFLAGS=0x0000000000000a83, ERR=0x0000000000000000
  TRAPNO=0x0000000000000000

Top of Stack: (sp=0x000000030c698a48)
0x000000030c698a48:   000000030c698a48 0000000130fc4b38
0x000000030c698a58:   000000030c698ab0 0000000130fc4cc8
0x000000030c698a68:   0000000000000000 0000000787aac070
0x000000030c698a78:   0000000130fc4b78 0000000000000000
0x000000030c698a88:   000000030c698aa8 000000030c698b00
0x000000030c698a98:   000000011af94900 0000000000000000
0x000000030c698aa8:   0000000000000000 000000000000000d
0x000000030c698ab8:   000000030c698ab8 0000000130fc456a
0x000000030c698ac8:   000000030c698b38 0000000130fc46d8
0x000000030c698ad8:   0000000000000000 0000000787f45a10
0x000000030c698ae8:   0000000130fc4628 000000030c698aa8
0x000000030c698af8:   000000030c698b38 000000030c698ba0
0x000000030c698b08:   000000011af8b947 0000000000000000
0x000000030c698b18:   0000000000000000 000000000000000d
0x000000030c698b28:   00000007875f9310 000000078752eca8
0x000000030c698b38:   0000000787f46408 bba4c6d300001fa0
0x000000030c698b48:   00007f92c5808e00 000000030c698ce0
0x000000030c698b58:   000000030c698e90 000000030c698cc8
0x000000030c698b68:   0000000000000001 000000030c698bf8
0x000000030c698b78:   000000030c698e98 000000000000000a
0x000000030c698b88:   0000000130fc4628 000000011af98f40
0x000000030c698b98:   000000030c698ce8 000000030c698c80
0x000000030c698ba8:   0000000110cad942 0000000000000001
0x000000030c698bb8:   00007f92c5808e00 00007f92c5808e00
0x000000030c698bc8:   00007f92c4604680 00007f92c4604e60
0x000000030c698bd8:   00007f92c4604e70 00007f92c4604f48
0x000000030c698be8:   00000000000000d8 00007f92c46046c0
0x000000030c698bf8:   00007f92c5808e00 00007f92c46059c0
0x000000030c698c08:   0000000130fc4628 0000000000000000
0x000000030c698c18:   0000000000000000 0000000000000000
0x000000030c698c28:   0000000000000000 000000030c698e90
0x000000030c698c38:   000000020431be7d 000000011af98f40 

Instructions: (pc=0x000000011af9f168)
0x000000011af9f068:   7e ae 27 11 01 00 00 00 6a 00 00 00 00 00 00 00
0x000000011af9f078:   00 00 00 00 00 00 00 00 f3 0f 10 04 24 48 83 c4
0x000000011af9f088:   08 f3 0f 59 04 24 48 83 c4 08 41 0f b6 5d 01 49
0x000000011af9f098:   ff c5 49 ba c0 b8 44 11 01 00 00 00 41 ff 24 da
0x000000011af9f0a8:   00 00 00 00 00 00 00 00 00 00 00 00 00 00 00 00
0x000000011af9f0b8:   00 00 00 00 00 00 00 00 60 00 00 00 00 00 00 00
0x000000011af9f0c8:   83 ae 27 11 01 00 00 00 6b 00 00 00 00 00 00 00
0x000000011af9f0d8:   00 00 00 00 00 00 00 00 f2 0f 10 04 24 48 83 c4
0x000000011af9f0e8:   10 f2 0f 59 04 24 48 83 c4 10 41 0f b6 5d 01 49
0x000000011af9f0f8:   ff c5 49 ba c0 c0 44 11 01 00 00 00 41 ff 24 da
0x000000011af9f108:   00 00 00 00 00 00 00 00 00 00 00 00 00 00 00 00
0x000000011af9f118:   00 00 00 00 00 00 00 00 60 00 00 00 00 00 00 00
0x000000011af9f128:   88 ae 27 11 01 00 00 00 6c 00 00 00 00 00 00 00
0x000000011af9f138:   00 00 00 00 00 00 00 00 8b 04 24 48 83 c4 08 8b
0x000000011af9f148:   c8 8b 04 24 48 83 c4 08 81 f8 00 00 00 80 0f 85
0x000000011af9f158:   0b 00 00 00 33 d2 83 f9 ff 0f 84 03 00 00 00 99
0x000000011af9f168:   f7 f9 41 0f b6 5d 01 49 ff c5 49 ba c0 a8 44 11
0x000000011af9f178:   01 00 00 00 41 ff 24 da 80 00 00 00 00 00 00 00
0x000000011af9f188:   8d ae 27 11 01 00 00 00 6d 00 00 00 00 00 00 00
0x000000011af9f198:   00 00 00 00 00 00 00 00 48 8b 04 24 48 83 c4 10
0x000000011af9f1a8:   48 8b c8 48 8b 04 24 48 83 c4 10 48 85 c9 0f 84
0x000000011af9f1b8:   73 9a ff ff 48 3b 05 8d 69 35 f6 0f 85 0c 00 00
0x000000011af9f1c8:   00 33 d2 48 83 f9 ff 0f 84 05 00 00 00 48 99 48
0x000000011af9f1d8:   f7 f9 41 0f b6 5d 01 49 ff c5 49 ba c0 b0 44 11
0x000000011af9f1e8:   01 00 00 00 41 ff 24 da 00 00 00 00 00 00 00 00
0x000000011af9f1f8:   00 00 00 00 00 00 00 00 60 00 00 00 00 00 00 00
0x000000011af9f208:   92 ae 27 11 01 00 00 00 6e 00 00 00 00 00 00 00
0x000000011af9f218:   00 00 00 00 00 00 00 00 f3 0f 10 04 24 48 83 c4
0x000000011af9f228:   08 0f 28 c8 f3 0f 10 04 24 48 83 c4 08 f3 0f 5e
0x000000011af9f238:   c1 41 0f b6 5d 01 49 ff c5 49 ba c0 b8 44 11 01
0x000000011af9f248:   00 00 00 41 ff 24 da 90 00 00 00 00 00 00 00 00
0x000000011af9f258:   00 00 00 00 00 00 00 00 60 00 00 00 00 00 00 00 


Stack slot to memory mapping:
stack at sp + 0 slots: 0x000000030c698a48 is pointing into the stack for thread: 0x00007f92c5808e00
stack at sp + 1 slots: 0x0000000130fc4b38 is pointing into metadata
stack at sp + 2 slots: 0x000000030c698ab0 is pointing into the stack for thread: 0x00007f92c5808e00
stack at sp + 3 slots: 0x0000000130fc4cc8 is pointing into metadata
stack at sp + 4 slots: 0x0 is NULL
stack at sp + 5 slots: 0x0000000787aac070 is an oop: java.lang.Class 
{0x0000000787aac070} - klass: 'java/lang/Class'
stack at sp + 6 slots: {method} {0x0000000130fc4b78} 'intDivide' '(II)I' in 'Division'
stack at sp + 7 slots: 0x0 is NULL

idiv  108 idiv  [0x000000011af9f140, 0x000000011af9f180]  64 bytes
[MachCode]
  0x000000011af9f140: 8b04 2448 | 83c4 088b | c88b 0424 | 4883 c408 | 81f8 0000 | 0080 0f85 | 0b00 0000 | 33d2 83f9 
  0x000000011af9f160: ff0f 8403 | 0000 0099 | f7f9 410f | b65d 0149 | ffc5 49ba | c0a8 4411 | 0100 0000 | 41ff 24da 
[/MachCode]

---------------  P R O C E S S  ---------------

Threads class SMR info:
_java_thread_list=0x00007f92a44369f0, length=16, elements={
0x00007f92c5808e00, 0x00007f92c5809e00, 0x00007f92c580a400, 0x00007f92c48b1200,
0x00007f92c582ce00, 0x00007f92c48af000, 0x00007f92c48af600, 0x00007f92c5008800,
0x00007f92c5831400, 0x00007f92c5831a00, 0x00007f92c5907000, 0x00007f92c500f600,
0x00007f92c5a8f600, 0x00007f92c5014e00, 0x00007f92c4a98200, 0x00007f92c4b30400
}

Java Threads: ( => current thread )
=>0x00007f92c5808e00 JavaThread "main" [_thread_in_Java, id=7683, stack(0x000000030c599000,0x000000030c699000)]
  0x00007f92c5809e00 JavaThread "Reference Handler" daemon [_thread_blocked, id=15619, stack(0x000000030ccae000,0x000000030cdae000)]
  0x00007f92c580a400 JavaThread "Finalizer" daemon [_thread_blocked, id=43267, stack(0x000000030cdb1000,0x000000030ceb1000)]
  0x00007f92c48b1200 JavaThread "Signal Dispatcher" daemon [_thread_blocked, id=24835, stack(0x000000030cfc3000,0x000000030d0c3000)]
  0x00007f92c582ce00 JavaThread "Service Thread" daemon [_thread_blocked, id=40195, stack(0x000000030d0c6000,0x000000030d1c6000)]
  0x00007f92c48af000 JavaThread "C2 CompilerThread0" daemon [_thread_blocked, id=39171, stack(0x000000030d1c9000,0x000000030d2c9000)]
  0x00007f92c48af600 JavaThread "C1 CompilerThread0" daemon [_thread_blocked, id=38403, stack(0x000000030d2cc000,0x000000030d3cc000)]
  0x00007f92c5008800 JavaThread "Sweeper thread" daemon [_thread_blocked, id=37635, stack(0x000000030d3cf000,0x000000030d4cf000)]
  0x00007f92c5831400 JavaThread "Notification Thread" daemon [_thread_blocked, id=37123, stack(0x000000030d4d2000,0x000000030d5d2000)]
  0x00007f92c5831a00 JavaThread "Common-Cleaner" daemon [_thread_blocked, id=27907, stack(0x000000030d6d8000,0x000000030d7d8000)]
  0x00007f92c5907000 JavaThread "AppKit Thread" daemon [_thread_in_native, id=515, stack(0x000000030bd16000,0x000000030c516000)]
  0x00007f92c500f600 JavaThread "AWT-Shutdown" [_thread_blocked, id=82691, stack(0x000000030d7db000,0x000000030d8db000)]
  0x00007f92c5a8f600 JavaThread "Java2D Queue Flusher" daemon [_thread_blocked, id=70915, stack(0x000000030dc0a000,0x000000030dd0a000)]
  0x00007f92c5014e00 JavaThread "Java2D Disposer" daemon [_thread_blocked, id=67331, stack(0x000000030dd0d000,0x000000030de0d000)]
  0x00007f92c4a98200 JavaThread "AWT-EventQueue-0" [_thread_blocked, id=170771, stack(0x000000030de10000,0x000000030df10000)]
  0x00007f92c4b30400 JavaThread "TimerQueue" daemon [_thread_blocked, id=166407, stack(0x000000030df13000,0x000000030e013000)]

Other Threads:
  0x00007f92c460cb80 VMThread "VM Thread" [stack: 0x000000030cbab000,0x000000030ccab000] [id=14851]
  0x00007f92c45086b0 WatcherThread [stack: 0x000000030d5d5000,0x000000030d6d5000] [id=36871]
  0x00007f92c4427c20 GCTaskThread "GC Thread#0" [stack: 0x000000030c69c000,0x000000030c79c000] [id=18435]
  0x00007f92c46092d0 ConcurrentGCThread "G1 Main Marker" [stack: 0x000000030c79f000,0x000000030c89f000] [id=17923]
  0x00007f92c4428940 ConcurrentGCThread "G1 Conc#0" [stack: 0x000000030c8a2000,0x000000030c9a2000] [id=17411]
  0x00007f92c4445580 ConcurrentGCThread "G1 Refine#0" [stack: 0x000000030c9a5000,0x000000030caa5000] [id=16899]
  0x00007f92c4446630 ConcurrentGCThread "G1 Young RemSet Sampling" [stack: 0x000000030caa8000,0x000000030cba8000] [id=16643]

Threads with active compile tasks:

VM state: not at safepoint (normal execution)

VM Mutex/Monitor currently owned by a thread: None

Heap address: 0x0000000780000000, size: 2048 MB, Compressed Oops mode: Zero based, Oop shift amount: 3
CDS archive(s) mapped at: [0x0000000800000000-0x0000000800b2b000-0x0000000800b2b000), size 11710464, SharedBaseAddress: 0x0000000800000000, ArchiveRelocationMode: 0.
Compressed class space mapped at: 0x0000000800b2c000-0x0000000840b2c000, size: 1073741824
Narrow klass base: 0x0000000800000000, Narrow klass shift: 3, Narrow klass range: 0x100000000

GC Precious Log:
 CPUs: 8 total, 8 available
 Memory: 8192M
 Large Page Support: Disabled
 NUMA Support: Disabled
 Compressed Oops: Enabled (Zero based)
 Heap Region Size: 1M
 Heap Min Capacity: 8M
 Heap Initial Capacity: 128M
 Heap Max Capacity: 2G
 Pre-touch: Disabled
 Parallel Workers: 8
 Concurrent Workers: 2
 Concurrent Refinement Workers: 8
 Periodic GC: Disabled

Heap:
 garbage-first heap   total 133120K, used 11048K [0x0000000780000000, 0x0000000800000000)
  region size 1024K, 12 young (12288K), 0 survivors (0K)
 Metaspace       used 9293K, capacity 9429K, committed 9728K, reserved 1058816K
  class space    used 1107K, capacity 1158K, committed 1280K, reserved 1048576K

Heap Regions: E=young(eden), S=young(survivor), O=old, HS=humongous(starts), HC=humongous(continues), CS=collection set, F=free, OA=open archive, CA=closed archive, TAMS=top-at-mark-start (previous, next)
|   0|0x0000000780000000, 0x0000000780000000, 0x0000000780100000|  0%| F|  |TAMS 0x0000000780000000, 0x0000000780000000| Untracked 
|   1|0x0000000780100000, 0x0000000780100000, 0x0000000780200000|  0%| F|  |TAMS 0x0000000780100000, 0x0000000780100000| Untracked 
|   2|0x0000000780200000, 0x0000000780200000, 0x0000000780300000|  0%| F|  |TAMS 0x0000000780200000, 0x0000000780200000| Untracked 
|   3|0x0000000780300000, 0x0000000780300000, 0x0000000780400000|  0%| F|  |TAMS 0x0000000780300000, 0x0000000780300000| Untracked 
|   4|0x0000000780400000, 0x0000000780400000, 0x0000000780500000|  0%| F|  |TAMS 0x0000000780400000, 0x0000000780400000| Untracked 
|   5|0x0000000780500000, 0x0000000780500000, 0x0000000780600000|  0%| F|  |TAMS 0x0000000780500000, 0x0000000780500000| Untracked 
|   6|0x0000000780600000, 0x0000000780600000, 0x0000000780700000|  0%| F|  |TAMS 0x0000000780600000, 0x0000000780600000| Untracked 
|   7|0x0000000780700000, 0x0000000780700000, 0x0000000780800000|  0%| F|  |TAMS 0x0000000780700000, 0x0000000780700000| Untracked 
|   8|0x0000000780800000, 0x0000000780800000, 0x0000000780900000|  0%| F|  |TAMS 0x0000000780800000, 0x0000000780800000| Untracked 
|   9|0x0000000780900000, 0x0000000780900000, 0x0000000780a00000|  0%| F|  |TAMS 0x0000000780900000, 0x0000000780900000| Untracked 
|  10|0x0000000780a00000, 0x0000000780a00000, 0x0000000780b00000|  0%| F|  |TAMS 0x0000000780a00000, 0x0000000780a00000| Untracked 
|  11|0x0000000780b00000, 0x0000000780b00000, 0x0000000780c00000|  0%| F|  |TAMS 0x0000000780b00000, 0x0000000780b00000| Untracked 
|  12|0x0000000780c00000, 0x0000000780c00000, 0x0000000780d00000|  0%| F|  |TAMS 0x0000000780c00000, 0x0000000780c00000| Untracked 
|  13|0x0000000780d00000, 0x0000000780d00000, 0x0000000780e00000|  0%| F|  |TAMS 0x0000000780d00000, 0x0000000780d00000| Untracked 
|  14|0x0000000780e00000, 0x0000000780e00000, 0x0000000780f00000|  0%| F|  |TAMS 0x0000000780e00000, 0x0000000780e00000| Untracked 
|  15|0x0000000780f00000, 0x0000000780f00000, 0x0000000781000000|  0%| F|  |TAMS 0x0000000780f00000, 0x0000000780f00000| Untracked 
|  16|0x0000000781000000, 0x0000000781000000, 0x0000000781100000|  0%| F|  |TAMS 0x0000000781000000, 0x0000000781000000| Untracked 
|  17|0x0000000781100000, 0x0000000781100000, 0x0000000781200000|  0%| F|  |TAMS 0x0000000781100000, 0x0000000781100000| Untracked 
|  18|0x0000000781200000, 0x0000000781200000, 0x0000000781300000|  0%| F|  |TAMS 0x0000000781200000, 0x0000000781200000| Untracked 
|  19|0x0000000781300000, 0x0000000781300000, 0x0000000781400000|  0%| F|  |TAMS 0x0000000781300000, 0x0000000781300000| Untracked 
|  20|0x0000000781400000, 0x0000000781400000, 0x0000000781500000|  0%| F|  |TAMS 0x0000000781400000, 0x0000000781400000| Untracked 
|  21|0x0000000781500000, 0x0000000781500000, 0x0000000781600000|  0%| F|  |TAMS 0x0000000781500000, 0x0000000781500000| Untracked 
|  22|0x0000000781600000, 0x0000000781600000, 0x0000000781700000|  0%| F|  |TAMS 0x0000000781600000, 0x0000000781600000| Untracked 
|  23|0x0000000781700000, 0x0000000781700000, 0x0000000781800000|  0%| F|  |TAMS 0x0000000781700000, 0x0000000781700000| Untracked 
|  24|0x0000000781800000, 0x0000000781800000, 0x0000000781900000|  0%| F|  |TAMS 0x0000000781800000, 0x0000000781800000| Untracked 
|  25|0x0000000781900000, 0x0000000781900000, 0x0000000781a00000|  0%| F|  |TAMS 0x0000000781900000, 0x0000000781900000| Untracked 
|  26|0x0000000781a00000, 0x0000000781a00000, 0x0000000781b00000|  0%| F|  |TAMS 0x0000000781a00000, 0x0000000781a00000| Untracked 
|  27|0x0000000781b00000, 0x0000000781b00000, 0x0000000781c00000|  0%| F|  |TAMS 0x0000000781b00000, 0x0000000781b00000| Untracked 
|  28|0x0000000781c00000, 0x0000000781c00000, 0x0000000781d00000|  0%| F|  |TAMS 0x0000000781c00000, 0x0000000781c00000| Untracked 
|  29|0x0000000781d00000, 0x0000000781d00000, 0x0000000781e00000|  0%| F|  |TAMS 0x0000000781d00000, 0x0000000781d00000| Untracked 
|  30|0x0000000781e00000, 0x0000000781e00000, 0x0000000781f00000|  0%| F|  |TAMS 0x0000000781e00000, 0x0000000781e00000| Untracked 
|  31|0x0000000781f00000, 0x0000000781f00000, 0x0000000782000000|  0%| F|  |TAMS 0x0000000781f00000, 0x0000000781f00000| Untracked 
|  32|0x0000000782000000, 0x0000000782000000, 0x0000000782100000|  0%| F|  |TAMS 0x0000000782000000, 0x0000000782000000| Untracked 
|  33|0x0000000782100000, 0x0000000782100000, 0x0000000782200000|  0%| F|  |TAMS 0x0000000782100000, 0x0000000782100000| Untracked 
|  34|0x0000000782200000, 0x0000000782200000, 0x0000000782300000|  0%| F|  |TAMS 0x0000000782200000, 0x0000000782200000| Untracked 
|  35|0x0000000782300000, 0x0000000782300000, 0x0000000782400000|  0%| F|  |TAMS 0x0000000782300000, 0x0000000782300000| Untracked 
|  36|0x0000000782400000, 0x0000000782400000, 0x0000000782500000|  0%| F|  |TAMS 0x0000000782400000, 0x0000000782400000| Untracked 
|  37|0x0000000782500000, 0x0000000782500000, 0x0000000782600000|  0%| F|  |TAMS 0x0000000782500000, 0x0000000782500000| Untracked 
|  38|0x0000000782600000, 0x0000000782600000, 0x0000000782700000|  0%| F|  |TAMS 0x0000000782600000, 0x0000000782600000| Untracked 
|  39|0x0000000782700000, 0x0000000782700000, 0x0000000782800000|  0%| F|  |TAMS 0x0000000782700000, 0x0000000782700000| Untracked 
|  40|0x0000000782800000, 0x0000000782800000, 0x0000000782900000|  0%| F|  |TAMS 0x0000000782800000, 0x0000000782800000| Untracked 
|  41|0x0000000782900000, 0x0000000782900000, 0x0000000782a00000|  0%| F|  |TAMS 0x0000000782900000, 0x0000000782900000| Untracked 
|  42|0x0000000782a00000, 0x0000000782a00000, 0x0000000782b00000|  0%| F|  |TAMS 0x0000000782a00000, 0x0000000782a00000| Untracked 
|  43|0x0000000782b00000, 0x0000000782b00000, 0x0000000782c00000|  0%| F|  |TAMS 0x0000000782b00000, 0x0000000782b00000| Untracked 
|  44|0x0000000782c00000, 0x0000000782c00000, 0x0000000782d00000|  0%| F|  |TAMS 0x0000000782c00000, 0x0000000782c00000| Untracked 
|  45|0x0000000782d00000, 0x0000000782d00000, 0x0000000782e00000|  0%| F|  |TAMS 0x0000000782d00000, 0x0000000782d00000| Untracked 
|  46|0x0000000782e00000, 0x0000000782e00000, 0x0000000782f00000|  0%| F|  |TAMS 0x0000000782e00000, 0x0000000782e00000| Untracked 
|  47|0x0000000782f00000, 0x0000000782f00000, 0x0000000783000000|  0%| F|  |TAMS 0x0000000782f00000, 0x0000000782f00000| Untracked 
|  48|0x0000000783000000, 0x0000000783000000, 0x0000000783100000|  0%| F|  |TAMS 0x0000000783000000, 0x0000000783000000| Untracked 
|  49|0x0000000783100000, 0x0000000783100000, 0x0000000783200000|  0%| F|  |TAMS 0x0000000783100000, 0x0000000783100000| Untracked 
|  50|0x0000000783200000, 0x0000000783200000, 0x0000000783300000|  0%| F|  |TAMS 0x0000000783200000, 0x0000000783200000| Untracked 
|  51|0x0000000783300000, 0x0000000783300000, 0x0000000783400000|  0%| F|  |TAMS 0x0000000783300000, 0x0000000783300000| Untracked 
|  52|0x0000000783400000, 0x0000000783400000, 0x0000000783500000|  0%| F|  |TAMS 0x0000000783400000, 0x0000000783400000| Untracked 
|  53|0x0000000783500000, 0x0000000783500000, 0x0000000783600000|  0%| F|  |TAMS 0x0000000783500000, 0x0000000783500000| Untracked 
|  54|0x0000000783600000, 0x0000000783600000, 0x0000000783700000|  0%| F|  |TAMS 0x0000000783600000, 0x0000000783600000| Untracked 
|  55|0x0000000783700000, 0x0000000783700000, 0x0000000783800000|  0%| F|  |TAMS 0x0000000783700000, 0x0000000783700000| Untracked 
|  56|0x0000000783800000, 0x0000000783800000, 0x0000000783900000|  0%| F|  |TAMS 0x0000000783800000, 0x0000000783800000| Untracked 
|  57|0x0000000783900000, 0x0000000783900000, 0x0000000783a00000|  0%| F|  |TAMS 0x0000000783900000, 0x0000000783900000| Untracked 
|  58|0x0000000783a00000, 0x0000000783a00000, 0x0000000783b00000|  0%| F|  |TAMS 0x0000000783a00000, 0x0000000783a00000| Untracked 
|  59|0x0000000783b00000, 0x0000000783b00000, 0x0000000783c00000|  0%| F|  |TAMS 0x0000000783b00000, 0x0000000783b00000| Untracked 
|  60|0x0000000783c00000, 0x0000000783c00000, 0x0000000783d00000|  0%| F|  |TAMS 0x0000000783c00000, 0x0000000783c00000| Untracked 
|  61|0x0000000783d00000, 0x0000000783d00000, 0x0000000783e00000|  0%| F|  |TAMS 0x0000000783d00000, 0x0000000783d00000| Untracked 
|  62|0x0000000783e00000, 0x0000000783e00000, 0x0000000783f00000|  0%| F|  |TAMS 0x0000000783e00000, 0x0000000783e00000| Untracked 
|  63|0x0000000783f00000, 0x0000000783f00000, 0x0000000784000000|  0%| F|  |TAMS 0x0000000783f00000, 0x0000000783f00000| Untracked 
|  64|0x0000000784000000, 0x0000000784000000, 0x0000000784100000|  0%| F|  |TAMS 0x0000000784000000, 0x0000000784000000| Untracked 
|  65|0x0000000784100000, 0x0000000784100000, 0x0000000784200000|  0%| F|  |TAMS 0x0000000784100000, 0x0000000784100000| Untracked 
|  66|0x0000000784200000, 0x0000000784200000, 0x0000000784300000|  0%| F|  |TAMS 0x0000000784200000, 0x0000000784200000| Untracked 
|  67|0x0000000784300000, 0x0000000784300000, 0x0000000784400000|  0%| F|  |TAMS 0x0000000784300000, 0x0000000784300000| Untracked 
|  68|0x0000000784400000, 0x0000000784400000, 0x0000000784500000|  0%| F|  |TAMS 0x0000000784400000, 0x0000000784400000| Untracked 
|  69|0x0000000784500000, 0x0000000784500000, 0x0000000784600000|  0%| F|  |TAMS 0x0000000784500000, 0x0000000784500000| Untracked 
|  70|0x0000000784600000, 0x0000000784600000, 0x0000000784700000|  0%| F|  |TAMS 0x0000000784600000, 0x0000000784600000| Untracked 
|  71|0x0000000784700000, 0x0000000784700000, 0x0000000784800000|  0%| F|  |TAMS 0x0000000784700000, 0x0000000784700000| Untracked 
|  72|0x0000000784800000, 0x0000000784800000, 0x0000000784900000|  0%| F|  |TAMS 0x0000000784800000, 0x0000000784800000| Untracked 
|  73|0x0000000784900000, 0x0000000784900000, 0x0000000784a00000|  0%| F|  |TAMS 0x0000000784900000, 0x0000000784900000| Untracked 
|  74|0x0000000784a00000, 0x0000000784a00000, 0x0000000784b00000|  0%| F|  |TAMS 0x0000000784a00000, 0x0000000784a00000| Untracked 
|  75|0x0000000784b00000, 0x0000000784b00000, 0x0000000784c00000|  0%| F|  |TAMS 0x0000000784b00000, 0x0000000784b00000| Untracked 
|  76|0x0000000784c00000, 0x0000000784c00000, 0x0000000784d00000|  0%| F|  |TAMS 0x0000000784c00000, 0x0000000784c00000| Untracked 
|  77|0x0000000784d00000, 0x0000000784d00000, 0x0000000784e00000|  0%| F|  |TAMS 0x0000000784d00000, 0x0000000784d00000| Untracked 
|  78|0x0000000784e00000, 0x0000000784e00000, 0x0000000784f00000|  0%| F|  |TAMS 0x0000000784e00000, 0x0000000784e00000| Untracked 
|  79|0x0000000784f00000, 0x0000000784f00000, 0x0000000785000000|  0%| F|  |TAMS 0x0000000784f00000, 0x0000000784f00000| Untracked 
|  80|0x0000000785000000, 0x0000000785000000, 0x0000000785100000|  0%| F|  |TAMS 0x0000000785000000, 0x0000000785000000| Untracked 
|  81|0x0000000785100000, 0x0000000785100000, 0x0000000785200000|  0%| F|  |TAMS 0x0000000785100000, 0x0000000785100000| Untracked 
|  82|0x0000000785200000, 0x0000000785200000, 0x0000000785300000|  0%| F|  |TAMS 0x0000000785200000, 0x0000000785200000| Untracked 
|  83|0x0000000785300000, 0x0000000785300000, 0x0000000785400000|  0%| F|  |TAMS 0x0000000785300000, 0x0000000785300000| Untracked 
|  84|0x0000000785400000, 0x0000000785400000, 0x0000000785500000|  0%| F|  |TAMS 0x0000000785400000, 0x0000000785400000| Untracked 
|  85|0x0000000785500000, 0x0000000785500000, 0x0000000785600000|  0%| F|  |TAMS 0x0000000785500000, 0x0000000785500000| Untracked 
|  86|0x0000000785600000, 0x0000000785600000, 0x0000000785700000|  0%| F|  |TAMS 0x0000000785600000, 0x0000000785600000| Untracked 
|  87|0x0000000785700000, 0x0000000785700000, 0x0000000785800000|  0%| F|  |TAMS 0x0000000785700000, 0x0000000785700000| Untracked 
|  88|0x0000000785800000, 0x0000000785800000, 0x0000000785900000|  0%| F|  |TAMS 0x0000000785800000, 0x0000000785800000| Untracked 
|  89|0x0000000785900000, 0x0000000785900000, 0x0000000785a00000|  0%| F|  |TAMS 0x0000000785900000, 0x0000000785900000| Untracked 
|  90|0x0000000785a00000, 0x0000000785a00000, 0x0000000785b00000|  0%| F|  |TAMS 0x0000000785a00000, 0x0000000785a00000| Untracked 
|  91|0x0000000785b00000, 0x0000000785b00000, 0x0000000785c00000|  0%| F|  |TAMS 0x0000000785b00000, 0x0000000785b00000| Untracked 
|  92|0x0000000785c00000, 0x0000000785c00000, 0x0000000785d00000|  0%| F|  |TAMS 0x0000000785c00000, 0x0000000785c00000| Untracked 
|  93|0x0000000785d00000, 0x0000000785d00000, 0x0000000785e00000|  0%| F|  |TAMS 0x0000000785d00000, 0x0000000785d00000| Untracked 
|  94|0x0000000785e00000, 0x0000000785e00000, 0x0000000785f00000|  0%| F|  |TAMS 0x0000000785e00000, 0x0000000785e00000| Untracked 
|  95|0x0000000785f00000, 0x0000000785f00000, 0x0000000786000000|  0%| F|  |TAMS 0x0000000785f00000, 0x0000000785f00000| Untracked 
|  96|0x0000000786000000, 0x0000000786000000, 0x0000000786100000|  0%| F|  |TAMS 0x0000000786000000, 0x0000000786000000| Untracked 
|  97|0x0000000786100000, 0x0000000786100000, 0x0000000786200000|  0%| F|  |TAMS 0x0000000786100000, 0x0000000786100000| Untracked 
|  98|0x0000000786200000, 0x0000000786200000, 0x0000000786300000|  0%| F|  |TAMS 0x0000000786200000, 0x0000000786200000| Untracked 
|  99|0x0000000786300000, 0x0000000786300000, 0x0000000786400000|  0%| F|  |TAMS 0x0000000786300000, 0x0000000786300000| Untracked 
| 100|0x0000000786400000, 0x0000000786400000, 0x0000000786500000|  0%| F|  |TAMS 0x0000000786400000, 0x0000000786400000| Untracked 
| 101|0x0000000786500000, 0x0000000786500000, 0x0000000786600000|  0%| F|  |TAMS 0x0000000786500000, 0x0000000786500000| Untracked 
| 102|0x0000000786600000, 0x0000000786600000, 0x0000000786700000|  0%| F|  |TAMS 0x0000000786600000, 0x0000000786600000| Untracked 
| 103|0x0000000786700000, 0x0000000786700000, 0x0000000786800000|  0%| F|  |TAMS 0x0000000786700000, 0x0000000786700000| Untracked 
| 104|0x0000000786800000, 0x0000000786800000, 0x0000000786900000|  0%| F|  |TAMS 0x0000000786800000, 0x0000000786800000| Untracked 
| 105|0x0000000786900000, 0x0000000786900000, 0x0000000786a00000|  0%| F|  |TAMS 0x0000000786900000, 0x0000000786900000| Untracked 
| 106|0x0000000786a00000, 0x0000000786a00000, 0x0000000786b00000|  0%| F|  |TAMS 0x0000000786a00000, 0x0000000786a00000| Untracked 
| 107|0x0000000786b00000, 0x0000000786b00000, 0x0000000786c00000|  0%| F|  |TAMS 0x0000000786b00000, 0x0000000786b00000| Untracked 
| 108|0x0000000786c00000, 0x0000000786c00000, 0x0000000786d00000|  0%| F|  |TAMS 0x0000000786c00000, 0x0000000786c00000| Untracked 
| 109|0x0000000786d00000, 0x0000000786d00000, 0x0000000786e00000|  0%| F|  |TAMS 0x0000000786d00000, 0x0000000786d00000| Untracked 
| 110|0x0000000786e00000, 0x0000000786e00000, 0x0000000786f00000|  0%| F|  |TAMS 0x0000000786e00000, 0x0000000786e00000| Untracked 
| 111|0x0000000786f00000, 0x0000000786f00000, 0x0000000787000000|  0%| F|  |TAMS 0x0000000786f00000, 0x0000000786f00000| Untracked 
| 112|0x0000000787000000, 0x0000000787000000, 0x0000000787100000|  0%| F|  |TAMS 0x0000000787000000, 0x0000000787000000| Untracked 
| 113|0x0000000787100000, 0x0000000787100000, 0x0000000787200000|  0%| F|  |TAMS 0x0000000787100000, 0x0000000787100000| Untracked 
| 114|0x0000000787200000, 0x0000000787200000, 0x0000000787300000|  0%| F|  |TAMS 0x0000000787200000, 0x0000000787200000| Untracked 
| 115|0x0000000787300000, 0x0000000787300000, 0x0000000787400000|  0%| F|  |TAMS 0x0000000787300000, 0x0000000787300000| Untracked 
| 116|0x0000000787400000, 0x000000078740ab90, 0x0000000787500000|  4%| E|  |TAMS 0x0000000787400000, 0x0000000787400000| Complete 
| 117|0x0000000787500000, 0x0000000787600000, 0x0000000787600000|100%| E|CS|TAMS 0x0000000787500000, 0x0000000787500000| Complete 
| 118|0x0000000787600000, 0x0000000787700000, 0x0000000787700000|100%| E|CS|TAMS 0x0000000787600000, 0x0000000787600000| Complete 
| 119|0x0000000787700000, 0x0000000787800000, 0x0000000787800000|100%| E|CS|TAMS 0x0000000787700000, 0x0000000787700000| Complete 
| 120|0x0000000787800000, 0x0000000787900000, 0x0000000787900000|100%| E|CS|TAMS 0x0000000787800000, 0x0000000787800000| Complete 
| 121|0x0000000787900000, 0x0000000787a00000, 0x0000000787a00000|100%| E|  |TAMS 0x0000000787900000, 0x0000000787900000| Complete 
| 122|0x0000000787a00000, 0x0000000787b00000, 0x0000000787b00000|100%| E|CS|TAMS 0x0000000787a00000, 0x0000000787a00000| Complete 
| 123|0x0000000787b00000, 0x0000000787c00000, 0x0000000787c00000|100%| E|CS|TAMS 0x0000000787b00000, 0x0000000787b00000| Complete 
| 124|0x0000000787c00000, 0x0000000787d00000, 0x0000000787d00000|100%| E|CS|TAMS 0x0000000787c00000, 0x0000000787c00000| Complete 
| 125|0x0000000787d00000, 0x0000000787e00000, 0x0000000787e00000|100%| E|CS|TAMS 0x0000000787d00000, 0x0000000787d00000| Complete 
| 126|0x0000000787e00000, 0x0000000787f00000, 0x0000000787f00000|100%| E|CS|TAMS 0x0000000787e00000, 0x0000000787e00000| Complete 
| 127|0x0000000787f00000, 0x0000000788000000, 0x0000000788000000|100%| E|CS|TAMS 0x0000000787f00000, 0x0000000787f00000| Complete 
|1022|0x00000007bfe00000, 0x00000007bfe51000, 0x00000007bff00000| 31%|OA|  |TAMS 0x00000007bfe00000, 0x00000007bfe00000| Untracked 
|1023|0x00000007bff00000, 0x00000007bff79000, 0x00000007c0000000| 47%|CA|  |TAMS 0x00000007bff00000, 0x00000007bff00000| Untracked 

Card table byte_map: [0x000000012a38b000,0x000000012a78b000] _byte_map_base: 0x000000012678b000

Marking Bits (Prev, Next): (CMBitMap*) 0x00007f92c5808610, (CMBitMap*) 0x00007f92c5808650
 Prev Bits: [0x000000012ab8b000, 0x000000012cb8b000)
 Next Bits: [0x000000012cb8b000, 0x000000012eb8b000)

Polling page: 0x0000000104185000

Metaspace:

Usage:
  Non-class:      8.08 MB capacity,     7.99 MB ( 99%) used,    68.00 KB ( <1%) free+waste,    16.31 KB ( <1%) overhead. 
      Class:      1.13 MB capacity,     1.08 MB ( 96%) used,    43.52 KB (  4%) free+waste,     7.44 KB ( <1%) overhead. 
       Both:      9.21 MB capacity,     9.08 MB ( 99%) used,   111.52 KB (  1%) free+waste,    23.75 KB ( <1%) overhead. 

Virtual space:
  Non-class space:       10.00 MB reserved,       8.25 MB ( 82%) committed 
      Class space:        1.00 GB reserved,       1.25 MB ( <1%) committed 
             Both:        1.01 GB reserved,       9.50 MB ( <1%) committed 

Chunk freelists:
   Non-Class:  49.00 KB
       Class:  10.00 KB
        Both:  59.00 KB

MaxMetaspaceSize: 17179869184.00 GB
CompressedClassSpaceSize: 1.00 GB

CodeHeap 'non-profiled nmethods': size=120028Kb used=321Kb max_used=321Kb free=119706Kb
 bounds [0x0000000122a54000, 0x0000000122cc4000, 0x0000000129f8b000]
CodeHeap 'profiled nmethods': size=120028Kb used=1740Kb max_used=1740Kb free=118287Kb
 bounds [0x000000011b51d000, 0x000000011b78d000, 0x0000000122a54000]
CodeHeap 'non-nmethods': size=5704Kb used=1313Kb max_used=1330Kb free=4390Kb
 bounds [0x000000011af8b000, 0x000000011b1fb000, 0x000000011b51d000]
 total_blobs=1793 nmethods=1170 adapters=538
 compilation: enabled
              stopped_count=0, restarted_count=0
 full_count=0

Compilation events (20 events):
Event: 5.479 Thread 0x00007f92c48af000 1159       4       sun.java2d.pipe.RenderBuffer::putInt (26 bytes)
Event: 5.479 Thread 0x00007f92c48af000 nmethod 1159 0x0000000122aa3b90 code [0x0000000122aa3d00, 0x0000000122aa3d98]
Event: 5.565 Thread 0x00007f92c48af600 1160       3       javax.swing.TimerQueue::now (8 bytes)
Event: 5.566 Thread 0x00007f92c48af600 nmethod 1160 0x000000011b6cd390 code [0x000000011b6cd520, 0x000000011b6cd610]
Event: 5.566 Thread 0x00007f92c48af600 1161       3       java.util.concurrent.TimeUnit::toNanos (45 bytes)
Event: 5.566 Thread 0x00007f92c48af600 nmethod 1161 0x000000011b6cd690 code [0x000000011b6cd820, 0x000000011b6cda30]
Event: 5.570 Thread 0x00007f92c48af600 1162       3       sun.awt.SunHints$Value::get (8 bytes)
Event: 5.570 Thread 0x00007f92c48af600 nmethod 1162 0x000000011b6cdb10 code [0x000000011b6cdca0, 0x000000011b6cddd0]
Event: 5.673 Thread 0x00007f92c48af600 1163       3       java.util.concurrent.locks.AbstractQueuedSynchronizer$ConditionObject::signalAll (34 bytes)
Event: 5.674 Thread 0x00007f92c48af600 nmethod 1163 0x000000011b6cdf10 code [0x000000011b6ce0e0, 0x000000011b6ce440]
Event: 5.708 Thread 0x00007f92c48af600 1164       1       java.awt.event.InputEvent::isConsumed (5 bytes)
Event: 5.709 Thread 0x00007f92c48af600 nmethod 1164 0x0000000122aa3e90 code [0x0000000122aa4020, 0x0000000122aa40d0]
Event: 5.741 Thread 0x00007f92c48af600 1165       3       java.awt.Component::getInputContext (16 bytes)
Event: 5.742 Thread 0x00007f92c48af600 nmethod 1165 0x000000011b6ce590 code [0x000000011b6ce740, 0x000000011b6ce960]
Event: 5.742 Thread 0x00007f92c48af600 1166       3       sun.lwawt.LWComponentPeer::getPeerTreeLock (4 bytes)
Event: 5.742 Thread 0x00007f92c48af600 nmethod 1166 0x000000011b6cea10 code [0x000000011b6ceba0, 0x000000011b6cec90]
Event: 5.743 Thread 0x00007f92c48af600 1167       1       java.awt.Container::getLayout (5 bytes)
Event: 5.743 Thread 0x00007f92c48af600 nmethod 1167 0x0000000122aa4190 code [0x0000000122aa4320, 0x0000000122aa43d0]
Event: 5.743 Thread 0x00007f92c48af600 1168   !   3       javax.swing.JComponent::putClientProperty (120 bytes)
Event: 5.745 Thread 0x00007f92c48af600 nmethod 1168 0x000000011b6ced10 code [0x000000011b6cef40, 0x000000011b6cf9f0]

GC Heap History (0 events):
No events

Deoptimization events (20 events):
Event: 1.404 Thread 0x00007f92c4a98200 Uncommon trap: trap_request=0xffffffde fr.pc=0x0000000122a71508 relative=0x0000000000000188
Event: 1.404 Thread 0x00007f92c4a98200 Uncommon trap: reason=class_check action=maybe_recompile pc=0x0000000122a71508 method=java.lang.String.equals(Ljava/lang/Object;)Z @ 8 c2
Event: 1.404 Thread 0x00007f92c4a98200 DEOPT PACKING pc=0x0000000122a71508 sp=0x000000030df0dcd0
Event: 1.404 Thread 0x00007f92c4a98200 DEOPT UNPACKING pc=0x000000011afd8e1f sp=0x000000030df0dc98 mode 2
Event: 1.409 Thread 0x00007f92c4a98200 Uncommon trap: trap_request=0xffffffde fr.pc=0x0000000122a71508 relative=0x0000000000000188
Event: 1.409 Thread 0x00007f92c4a98200 Uncommon trap: reason=class_check action=maybe_recompile pc=0x0000000122a71508 method=java.lang.String.equals(Ljava/lang/Object;)Z @ 8 c2
Event: 1.409 Thread 0x00007f92c4a98200 DEOPT PACKING pc=0x0000000122a71508 sp=0x000000030df0dc90
Event: 1.409 Thread 0x00007f92c4a98200 DEOPT UNPACKING pc=0x000000011afd8e1f sp=0x000000030df0dc58 mode 2
Event: 1.409 Thread 0x00007f92c4a98200 Uncommon trap: trap_request=0xffffffde fr.pc=0x0000000122a71508 relative=0x0000000000000188
Event: 1.409 Thread 0x00007f92c4a98200 Uncommon trap: reason=class_check action=maybe_recompile pc=0x0000000122a71508 method=java.lang.String.equals(Ljava/lang/Object;)Z @ 8 c2
Event: 1.409 Thread 0x00007f92c4a98200 DEOPT PACKING pc=0x0000000122a71508 sp=0x000000030df0dcd0
Event: 1.409 Thread 0x00007f92c4a98200 DEOPT UNPACKING pc=0x000000011afd8e1f sp=0x000000030df0dc98 mode 2
Event: 5.712 Thread 0x00007f92c4a98200 Uncommon trap: trap_request=0xffffffc6 fr.pc=0x0000000122a9de34 relative=0x00000000000002f4
Event: 5.712 Thread 0x00007f92c4a98200 Uncommon trap: reason=bimorphic_or_optimized_type_check action=maybe_recompile pc=0x0000000122a9de34 method=java.util.HashMap.getNode(Ljava/lang/Object;)Ljava/util/HashMap$Node; @ 128 c2
Event: 5.712 Thread 0x00007f92c4a98200 DEOPT PACKING pc=0x0000000122a9de34 sp=0x000000030df0d540
Event: 5.712 Thread 0x00007f92c4a98200 DEOPT UNPACKING pc=0x000000011afd8e1f sp=0x000000030df0d4c8 mode 2
Event: 5.744 Thread 0x00007f92c5808e00 Uncommon trap: trap_request=0xffffff45 fr.pc=0x0000000122a8314c relative=0x000000000000042c
Event: 5.744 Thread 0x00007f92c5808e00 Uncommon trap: reason=unstable_if action=reinterpret pc=0x0000000122a8314c method=java.lang.StringLatin1.replace([BCC)Ljava/lang/String; @ 19 c2
Event: 5.744 Thread 0x00007f92c5808e00 DEOPT PACKING pc=0x0000000122a8314c sp=0x000000030c697fd0
Event: 5.744 Thread 0x00007f92c5808e00 DEOPT UNPACKING pc=0x000000011afd8e1f sp=0x000000030c697f60 mode 2

Classes unloaded (0 events):
No events

Classes redefined (0 events):
No events

Internal exceptions (20 events):
Event: 0.179 Thread 0x00007f92c5808e00 Exception <a 'java/lang/ClassNotFoundException'{0x0000000787eb5788}: sun/awt/resources/spi/awtosxProvider> (0x0000000787eb5788) 
thrown [./open/src/hotspot/share/classfile/systemDictionary.cpp, line 295]
Event: 0.380 Thread 0x00007f92c5808e00 Exception <a 'java/lang/NoSuchMethodError'{0x0000000787ecfd38}: 'void java.lang.invoke.DirectMethodHandle$Holder.invokeStaticInit(java.lang.Object)'> (0x0000000787ecfd38) 
thrown [./open/src/hotspot/share/interpreter/linkResolver.cpp, line 782]
Event: 0.392 Thread 0x00007f92c5808e00 Exception <a 'java/lang/NoSuchMethodError'{0x0000000787d074c0}: 'java.lang.Object java.lang.invoke.DirectMethodHandle$Holder.newInvokeSpecial(java.lang.Object, java.lang.Object, java.lang.Object, java.lang.Object, java.lang.Object)'> (0x0000000787d074c0) 
thrown [./open/src/hotspot/share/interpreter/linkResolver.cpp, line 782]
Event: 0.394 Thread 0x00007f92c5808e00 Exception <a 'java/lang/NoSuchMethodError'{0x0000000787d12f50}: 'java.lang.Object java.lang.invoke.DirectMethodHandle$Holder.invokeStatic(java.lang.Object, int, java.lang.Object, java.lang.Object, java.lang.Object, java.lang.Object)'> (0x0000000787d12f50) 
thrown [./open/src/hotspot/share/interpreter/linkResolver.cpp, line 782]
Event: 0.404 Thread 0x00007f92c5808e00 Exception <a 'java/lang/NoSuchMethodError'{0x0000000787d38f20}: 'java.lang.Object java.lang.invoke.DirectMethodHandle$Holder.invokeStatic(java.lang.Object, int, java.lang.Object)'> (0x0000000787d38f20) 
thrown [./open/src/hotspot/share/interpreter/linkResolver.cpp, line 782]
Event: 0.409 Thread 0x00007f92c5808e00 Exception <a 'java/lang/ClassNotFoundException'{0x0000000787d6a010}: com/apple/laf/resources/spi/aquaProvider> (0x0000000787d6a010) 
thrown [./open/src/hotspot/share/classfile/systemDictionary.cpp, line 295]
Event: 0.489 Thread 0x00007f92c5808e00 Exception <a 'java/lang/NoSuchMethodError'{0x0000000787de0460}: 'void java.lang.invoke.DirectMethodHandle$Holder.invokeStatic(java.lang.Object, java.lang.Object)'> (0x0000000787de0460) 
thrown [./open/src/hotspot/share/interpreter/linkResolver.cpp, line 782]
Event: 0.501 Thread 0x00007f92c5808e00 Exception <a 'java/lang/ClassNotFoundException'{0x0000000787c76580}: com/sun/swing/internal/plaf/basic/resources/spi/basicProvider> (0x0000000787c76580) 
thrown [./open/src/hotspot/share/classfile/systemDictionary.cpp, line 295]
Event: 1.194 Thread 0x00007f92c5808e00 Exception <a 'java/lang/NoSuchMethodError'{0x0000000787a07f18}: 'java.lang.Object java.lang.invoke.DirectMethodHandle$Holder.newInvokeSpecial(java.lang.Object, java.lang.Object, java.lang.Object, int, java.lang.Object)'> (0x0000000787a07f18) 
thrown [./open/src/hotspot/share/interpreter/linkResolver.cpp, line 782]
Event: 1.211 Thread 0x00007f92c5808e00 Exception <a 'java/lang/NoSuchMethodError'{0x0000000787a13bf8}: 'void java.lang.invoke.DirectMethodHandle$Holder.invokeStatic(java.lang.Object, int, long)'> (0x0000000787a13bf8) 
thrown [./open/src/hotspot/share/interpreter/linkResolver.cpp, line 782]
Event: 1.218 Thread 0x00007f92c4a98200 Exception <a 'java/lang/NoSuchMethodError'{0x0000000787b7f838}: 'void java.lang.invoke.DirectMethodHandle$Holder.invokeStatic(java.lang.Object, long)'> (0x0000000787b7f838) 
thrown [./open/src/hotspot/share/interpreter/linkResolver.cpp, line 782]
Event: 1.220 Thread 0x00007f92c5808e00 Exception <a 'java/lang/NoSuchMethodError'{0x0000000787a2c9a8}: 'java.lang.Object java.lang.invoke.Invokers$Holder.linkToTargetMethod(int, int, int, int, java.lang.Object)'> (0x0000000787a2c9a8) 
thrown [./open/src/hotspot/share/interpreter/linkResolver.cpp, line 782]
Event: 1.220 Thread 0x00007f92c5808e00 Exception <a 'java/lang/NoSuchMethodError'{0x0000000787a30558}: 'void java.lang.invoke.DirectMethodHandle$Holder.invokeStatic(java.lang.Object, java.lang.Object, long)'> (0x0000000787a30558) 
thrown [./open/src/hotspot/share/interpreter/linkResolver.cpp, line 782]
Event: 1.232 Thread 0x00007f92c5907000 Exception <a 'java/lang/NoSuchMethodError'{0x0000000787c39810}: 'void java.lang.invoke.DirectMethodHandle$Holder.invokeSpecial(java.lang.Object, java.lang.Object, long)'> (0x0000000787c39810) 
thrown [./open/src/hotspot/share/interpreter/linkResolver.cpp, line 782]
Event: 1.304 Thread 0x00007f92c5808e00 Exception <a 'java/lang/NoSuchMethodError'{0x0000000787a647e0}: 'void java.lang.invoke.DirectMethodHandle$Holder.invokeStatic(java.lang.Object, long, long)'> (0x0000000787a647e0) 
thrown [./open/src/hotspot/share/interpreter/linkResolver.cpp, line 782]
Event: 1.305 Thread 0x00007f92c5808e00 Exception <a 'java/lang/NoSuchMethodError'{0x0000000787a6a098}: 'java.lang.Object java.lang.invoke.DirectMethodHandle$Holder.newInvokeSpecial(java.lang.Object, long)'> (0x0000000787a6a098) 
thrown [./open/src/hotspot/share/interpreter/linkResolver.cpp, line 782]
Event: 1.309 Thread 0x00007f92c5808e00 Exception <a 'java/lang/NoSuchMethodError'{0x0000000787a74570}: 'java.lang.Object java.lang.invoke.DirectMethodHandle$Holder.newInvokeSpecial(java.lang.Object, java.lang.Object, int)'> (0x0000000787a74570) 
thrown [./open/src/hotspot/share/interpreter/linkResolver.cpp, line 782]
Event: 1.315 Thread 0x00007f92c5808e00 Exception <a 'java/lang/NoSuchMethodError'{0x0000000787a7ca78}: 'int java.lang.invoke.DirectMethodHandle$Holder.invokeStatic(java.lang.Object)'> (0x0000000787a7ca78) 
thrown [./open/src/hotspot/share/interpreter/linkResolver.cpp, line 782]
Event: 1.367 Thread 0x00007f92c4a98200 Exception <a 'java/lang/NoSuchMethodError'{0x0000000787af9350}: 'java.lang.Object java.lang.invoke.DirectMethodHandle$Holder.newInvokeSpecial(java.lang.Object, java.lang.Object, int, int)'> (0x0000000787af9350) 
thrown [./open/src/hotspot/share/interpreter/linkResolver.cpp, line 782]
Event: 1.370 Thread 0x00007f92c4a98200 Exception <a 'java/lang/NoSuchMethodError'{0x000000078791b6d0}: 'java.lang.Object java.lang.invoke.DirectMethodHandle$Holder.newInvokeSpecial(java.lang.Object, java.lang.Object, int, int, int, int)'> (0x000000078791b6d0) 
thrown [./open/src/hotspot/share/interpreter/linkResolver.cpp, line 782]

Events (20 events):
Event: 4.849 loading class javax/swing/plaf/basic/BasicRootPaneUI$Actions done
Event: 4.883 loading class java/awt/KeyboardFocusManager$2
Event: 4.884 loading class java/awt/KeyboardFocusManager$2 done
Event: 4.884 loading class sun/awt/SunToolkit$1
Event: 4.884 loading class sun/awt/SunToolkit$1 done
Event: 4.891 loading class java/awt/Window$1DisposeAction
Event: 4.891 loading class java/awt/Window$1DisposeAction done
Event: 4.891 loading class java/awt/EventQueue$1AWTInvocationLock
Event: 4.892 loading class java/awt/EventQueue$1AWTInvocationLock done
Event: 4.893 loading class javax/swing/Autoscroller
Event: 4.893 loading class javax/swing/Autoscroller done
Event: 4.897 loading class java/awt/LightweightDispatcher$2
Event: 4.897 loading class java/awt/LightweightDispatcher$2 done
Event: 4.897 loading class java/awt/event/AWTEventListenerProxy
Event: 4.897 loading class java/awt/event/AWTEventListenerProxy done
Event: 4.897 loading class java/awt/Toolkit$ToolkitEventMulticaster
Event: 4.897 loading class java/awt/Toolkit$ToolkitEventMulticaster done
Event: 5.006 Loaded shared library /Applications/jGRASP.app/Contents/Resources/jgrasp/bundled/java/Contents/Home/lib/server/libjvm.dylib
Event: 5.207 Executing VM operation: HandshakeAllThreads
Event: 5.207 Executing VM operation: HandshakeAllThreads done


Dynamic libraries:
0x00007ffdffdb6000 	/Library/Apple/usr/libexec/oah/runtime
0x00007fff2a5b9000 	/usr/lib/libz.1.dylib
0x000000010c429000 	/Applications/jGRASP.app/Contents/Resources/jgrasp/bundled/java/Contents/Home/lib/libjli.dylib
0x00007fff3526b000 	/System/Library/Frameworks/Cocoa.framework/Versions/A/Cocoa
0x00007fff22110000 	/System/Library/Frameworks/Security.framework/Versions/A/Security
0x00007fff33468000 	/System/Library/Frameworks/ApplicationServices.framework/Versions/A/ApplicationServices
0x00007fff2a685000 	/usr/lib/libSystem.B.dylib
0x00007fff2a67f000 	/usr/lib/system/libcache.dylib
0x00007fff2a63b000 	/usr/lib/system/libcommonCrypto.dylib
0x00007fff2a665000 	/usr/lib/system/libcompiler_rt.dylib
0x00007fff2a65a000 	/usr/lib/system/libcopyfile.dylib
0x00007fff200ae000 	/usr/lib/system/libcorecrypto.dylib
0x00007fff2017b000 	/usr/lib/system/libdispatch.dylib
0x00007fff20330000 	/usr/lib/system/libdyld.dylib
0x00007fff2a676000 	/usr/lib/system/libkeymgr.dylib
0x00007fff2dc1a000 	/usr/lib/system/liblaunch.dylib
0x00007fff2a619000 	/usr/lib/system/libmacho.dylib
0x00007fff29e2e000 	/usr/lib/system/libquarantine.dylib
0x00007fff2a673000 	/usr/lib/system/libremovefile.dylib
0x00007fff24aa7000 	/usr/lib/system/libsystem_asl.dylib
0x00007fff2005e000 	/usr/lib/system/libsystem_blocks.dylib
0x00007fff201fd000 	/usr/lib/system/libsystem_c.dylib
0x00007fff2a66d000 	/usr/lib/system/libsystem_collections.dylib
0x00007fff2921b000 	/usr/lib/system/libsystem_configuration.dylib
0x00007fff28507000 	/usr/lib/system/libsystem_containermanager.dylib
0x00007fff2a3b1000 	/usr/lib/system/libsystem_coreservices.dylib
0x00007fff226c4000 	/usr/lib/system/libsystem_darwin.dylib
0x00007fff2a677000 	/usr/lib/system/libsystem_dnssd.dylib
0x00007fff201fa000 	/usr/lib/system/libsystem_featureflags.dylib
0x00007fff20375000 	/usr/lib/system/libsystem_info.dylib
0x00007fff2a5cc000 	/usr/lib/system/libsystem_m.dylib
0x00007fff2014e000 	/usr/lib/system/libsystem_malloc.dylib
0x00007fff24a3b000 	/usr/lib/system/libsystem_networkextension.dylib
0x00007fff22adf000 	/usr/lib/system/libsystem_notify.dylib
0x00007fff300ce000 	/usr/lib/system/libsystem_product_info_filter.dylib
0x00007fff2921f000 	/usr/lib/system/libsystem_sandbox.dylib
0x00007fff2a670000 	/usr/lib/system/libsystem_secinit.dylib
0x00007fff202f5000 	/usr/lib/system/libsystem_kernel.dylib
0x00007fff2036b000 	/usr/lib/system/libsystem_platform.dylib
0x00007fff20324000 	/usr/lib/system/libsystem_pthread.dylib
0x00007fff261d5000 	/usr/lib/system/libsystem_symptoms.dylib
0x00007fff20096000 	/usr/lib/system/libsystem_trace.dylib
0x00007fff2a647000 	/usr/lib/system/libunwind.dylib
0x00007fff20060000 	/usr/lib/system/libxpc.dylib
0x00007fff202dc000 	/usr/lib/libc++abi.dylib
0x00007fff201c0000 	/usr/lib/libobjc.A.dylib
0x00007fff2a652000 	/usr/lib/liboah.dylib
0x00007fff20286000 	/usr/lib/libc++.1.dylib
0x00007fff203a1000 	/System/Library/Frameworks/CoreFoundation.framework/Versions/A/CoreFoundation
0x00007fff21083000 	/System/Library/Frameworks/Foundation.framework/Versions/C/Foundation
0x00007fff22b37000 	/System/Library/Frameworks/AppKit.framework/Versions/C/AppKit
0x00007fff259f5000 	/System/Library/Frameworks/CoreData.framework/Versions/A/CoreData
0x00007fff2389a000 	/System/Library/PrivateFrameworks/UIFoundation.framework/Versions/A/UIFoundation
0x00007fff2fe47000 	/System/Library/PrivateFrameworks/RemoteViewServices.framework/Versions/A/RemoteViewServices
0x00007fff28bd1000 	/System/Library/PrivateFrameworks/XCTTargetBootstrap.framework/Versions/A/XCTTargetBootstrap
0x00007fff2b923000 	/usr/lib/libspindump.dylib
0x00007fff23aef000 	/System/Library/Frameworks/UniformTypeIdentifiers.framework/Versions/A/UniformTypeIdentifiers
0x00007fff273a7000 	/usr/lib/libapp_launch_measurement.dylib
0x00007fff273aa000 	/System/Library/PrivateFrameworks/CoreAutoLayout.framework/Versions/A/CoreAutoLayout
0x00007fff28533000 	/System/Library/Frameworks/Metal.framework/Versions/A/Metal
0x00007fff2922a000 	/usr/lib/liblangid.dylib
0x00007fff28bd5000 	/System/Library/PrivateFrameworks/CoreSVG.framework/Versions/A/CoreSVG
0x00007fff24ad6000 	/System/Library/PrivateFrameworks/SkyLight.framework/Versions/A/SkyLight
0x00007fff24e3d000 	/System/Library/Frameworks/CoreGraphics.framework/Versions/A/CoreGraphics
0x00007fff3049e000 	/System/Library/Frameworks/Accelerate.framework/Versions/A/Accelerate
0x00007fff2b35e000 	/System/Library/PrivateFrameworks/IconServices.framework/Versions/A/IconServices
0x00007fff28518000 	/System/Library/Frameworks/IOSurface.framework/Versions/A/IOSurface
0x00007fff26387000 	/usr/lib/libDiagnosticMessagesClient.dylib
0x00007fff28bbd000 	/System/Library/PrivateFrameworks/DFRFoundation.framework/Versions/A/DFRFoundation
0x00007fff22462000 	/usr/lib/libicucore.A.dylib
0x00007fff2ce68000 	/System/Library/Frameworks/AudioToolbox.framework/Versions/A/AudioToolbox
0x00007fff2c10d000 	/System/Library/PrivateFrameworks/DataDetectorsCore.framework/Versions/A/DataDetectorsCore
0x00007fff288bd000 	/System/Library/Frameworks/Carbon.framework/Versions/A/Frameworks/HIToolbox.framework/Versions/A/HIToolbox
0x00007fff26e02000 	/System/Library/Frameworks/QuartzCore.framework/Versions/A/QuartzCore
0x00007fff2fe83000 	/System/Library/Frameworks/Carbon.framework/Versions/A/Frameworks/SpeechRecognition.framework/Versions/A/SpeechRecognition
0x00007fff2710f000 	/System/Library/PrivateFrameworks/CoreUI.framework/Versions/A/CoreUI
0x00007fff21a6b000 	/System/Library/Frameworks/CoreAudio.framework/Versions/A/CoreAudio
0x00007fff26472000 	/System/Library/Frameworks/DiskArbitration.framework/Versions/A/DiskArbitration
0x00007fff2bd1d000 	/System/Library/PrivateFrameworks/MultitouchSupport.framework/Versions/A/MultitouchSupport
0x00007fff2c104000 	/System/Library/PrivateFrameworks/InternationalSupport.framework/Versions/A/InternationalSupport
0x00007fff24a4a000 	/usr/lib/libenergytrace.dylib
0x00007fff22a30000 	/System/Library/Frameworks/IOKit.framework/Versions/A/IOKit
0x00007fff301d0000 	/System/Library/Frameworks/CoreServices.framework/Versions/A/CoreServices
0x00007fff2733d000 	/System/Library/PrivateFrameworks/PerformanceAnalysis.framework/Versions/A/PerformanceAnalysis
0x00007fff6cb45000 	/System/Library/Frameworks/OpenGL.framework/Versions/A/OpenGL
0x00007fff2c189000 	/System/Library/PrivateFrameworks/UserActivity.framework/Versions/A/UserActivity
0x00007fff254f7000 	/System/Library/Frameworks/ColorSync.framework/Versions/A/ColorSync
0x00007fff28e41000 	/System/Library/Frameworks/CoreImage.framework/Versions/A/CoreImage
0x00007fff21882000 	/System/Library/Frameworks/CoreText.framework/Versions/A/CoreText
0x00007fff28bff000 	/System/Library/Frameworks/ImageIO.framework/Versions/A/ImageIO
0x00007fff2a68b000 	/System/Library/PrivateFrameworks/SoftLinking.framework/Versions/A/SoftLinking
0x00007fff273f3000 	/usr/lib/libxml2.2.dylib
0x00007fff2a8fd000 	/usr/lib/libcompression.dylib
0x00007fff24a4b000 	/usr/lib/libMobileGestalt.dylib
0x00007fff2c037000 	/System/Library/PrivateFrameworks/TextureIO.framework/Versions/A/TextureIO
0x00007fff2afeb000 	/usr/lib/libate.dylib
0x00007fff2ad16000 	/usr/lib/liblzma.5.dylib
0x00007fff20d97000 	/System/Library/Frameworks/SystemConfiguration.framework/Versions/A/SystemConfiguration
0x00007fff2a687000 	/usr/lib/libfakelink.dylib
0x00007fff2459d000 	/System/Library/Frameworks/CFNetwork.framework/Versions/A/CFNetwork
0x00007fff2a7c7000 	/usr/lib/libarchive.2.dylib
0x00007fff20e15000 	/usr/lib/libCRFSuite.dylib
0x00007fff29e55000 	/usr/lib/libbsm.0.dylib
0x00007fff23f59000 	/usr/lib/libnetwork.dylib
0x00007fff2a68c000 	/usr/lib/libpcap.A.dylib
0x00007fff261ce000 	/usr/lib/libdns_services.dylib
0x00007fff2ad2f000 	/usr/lib/libcoretls_cfhelpers.dylib
0x00007fff2a8cb000 	/usr/lib/libapple_nghttp2.dylib
0x00007fff2a61f000 	/usr/lib/system/libkxld.dylib
0x00007fff25e3c000 	/usr/lib/libsqlite3.dylib
0x00007fff2a393000 	/System/Library/PrivateFrameworks/AppleFSCompression.framework/Versions/A/AppleFSCompression
0x00007fff29e3d000 	/usr/lib/libcoretls.dylib
0x00007fff2a8f8000 	/usr/lib/libpam.2.dylib
0x00007fff2ae2c000 	/usr/lib/libxar.1.dylib
0x00007fff29226000 	/System/Library/PrivateFrameworks/AppleSystemInfo.framework/Versions/A/AppleSystemInfo
0x00007fff29a80000 	/System/Library/PrivateFrameworks/IOMobileFramebuffer.framework/Versions/A/IOMobileFramebuffer
0x00007fff2a3a3000 	/usr/lib/libbz2.1.0.dylib
0x00007fff2a6c4000 	/usr/lib/libiconv.2.dylib
0x00007fff2a618000 	/usr/lib/libcharset.1.dylib
0x00007fff27379000 	/System/Library/Frameworks/CoreServices.framework/Versions/A/Frameworks/FSEvents.framework/Versions/A/FSEvents
0x00007fff226ce000 	/System/Library/Frameworks/CoreServices.framework/Versions/A/Frameworks/CarbonCore.framework/Versions/A/CarbonCore
0x00007fff263d7000 	/System/Library/Frameworks/CoreServices.framework/Versions/A/Frameworks/Metadata.framework/Versions/A/Metadata
0x00007fff2a3b6000 	/System/Library/Frameworks/CoreServices.framework/Versions/A/Frameworks/OSServices.framework/Versions/A/OSServices
0x00007fff2a839000 	/System/Library/Frameworks/CoreServices.framework/Versions/A/Frameworks/SearchKit.framework/Versions/A/SearchKit
0x00007fff26158000 	/System/Library/Frameworks/CoreServices.framework/Versions/A/Frameworks/AE.framework/Versions/A/AE
0x00007fff2083d000 	/System/Library/Frameworks/CoreServices.framework/Versions/A/Frameworks/LaunchServices.framework/Versions/A/LaunchServices
0x00007fff2acc7000 	/System/Library/Frameworks/CoreServices.framework/Versions/A/Frameworks/DictionaryServices.framework/Versions/A/DictionaryServices
0x00007fff27382000 	/System/Library/Frameworks/CoreServices.framework/Versions/A/Frameworks/SharedFileList.framework/Versions/A/SharedFileList
0x00007fff29e31000 	/usr/lib/libCheckFix.dylib
0x00007fff24abe000 	/System/Library/PrivateFrameworks/TCC.framework/Versions/A/TCC
0x00007fff2922c000 	/System/Library/PrivateFrameworks/CoreNLP.framework/Versions/A/CoreNLP
0x00007fff2638a000 	/System/Library/PrivateFrameworks/MetadataUtilities.framework/Versions/A/MetadataUtilities
0x00007fff20e4b000 	/usr/lib/libmecabra.dylib
0x00007fff2a145000 	/System/Library/Frameworks/MLCompute.framework/Versions/A/MLCompute
0x00007fff29e66000 	/usr/lib/libmecab.dylib
0x00007fff29eb0000 	/usr/lib/libgermantok.dylib
0x00007fff2a8a1000 	/usr/lib/libThaiTokenizer.dylib
0x00007fff2ae67000 	/usr/lib/libChineseTokenizer.dylib
0x00007fff2a8f6000 	/System/Library/Frameworks/MetalPerformanceShaders.framework/Versions/A/MetalPerformanceShaders
0x00007fff26479000 	/System/Library/Frameworks/Accelerate.framework/Versions/A/Frameworks/vImage.framework/Versions/A/vImage
0x00007fff301a9000 	/System/Library/Frameworks/Accelerate.framework/Versions/A/Frameworks/vecLib.framework/Versions/A/vecLib
0x00007fff2ae72000 	/System/Library/Frameworks/Accelerate.framework/Versions/A/Frameworks/vecLib.framework/Versions/A/libvMisc.dylib
0x00007fff298dc000 	/System/Library/Frameworks/Accelerate.framework/Versions/A/Frameworks/vecLib.framework/Versions/A/libvDSP.dylib
0x00007fff20b41000 	/System/Library/Frameworks/Accelerate.framework/Versions/A/Frameworks/vecLib.framework/Versions/A/libBLAS.dylib
0x00007fff2a91c000 	/System/Library/Frameworks/Accelerate.framework/Versions/A/Frameworks/vecLib.framework/Versions/A/libLAPACK.dylib
0x00007fff29eb6000 	/System/Library/Frameworks/Accelerate.framework/Versions/A/Frameworks/vecLib.framework/Versions/A/libLinearAlgebra.dylib
0x00007fff2a8e3000 	/System/Library/Frameworks/Accelerate.framework/Versions/A/Frameworks/vecLib.framework/Versions/A/libSparseBLAS.dylib
0x00007fff2a916000 	/System/Library/Frameworks/Accelerate.framework/Versions/A/Frameworks/vecLib.framework/Versions/A/libQuadrature.dylib
0x00007fff292d4000 	/System/Library/Frameworks/Accelerate.framework/Versions/A/Frameworks/vecLib.framework/Versions/A/libBNNS.dylib
0x00007fff20d28000 	/System/Library/Frameworks/Accelerate.framework/Versions/A/Frameworks/vecLib.framework/Versions/A/libSparse.dylib
0x00007fff291bf000 	/System/Library/Frameworks/MetalPerformanceShaders.framework/Versions/A/Frameworks/MPSCore.framework/Versions/A/MPSCore
0x00007fff2a302000 	/System/Library/Frameworks/MetalPerformanceShaders.framework/Versions/A/Frameworks/MPSImage.framework/Versions/A/MPSImage
0x00007fff29ecd000 	/System/Library/Frameworks/MetalPerformanceShaders.framework/Versions/A/Frameworks/MPSNeuralNetwork.framework/Versions/A/MPSNeuralNetwork
0x00007fff2a28d000 	/System/Library/Frameworks/MetalPerformanceShaders.framework/Versions/A/Frameworks/MPSMatrix.framework/Versions/A/MPSMatrix
0x00007fff2a0f5000 	/System/Library/Frameworks/MetalPerformanceShaders.framework/Versions/A/Frameworks/MPSRayIntersector.framework/Versions/A/MPSRayIntersector
0x00007fff2a2c4000 	/System/Library/Frameworks/MetalPerformanceShaders.framework/Versions/A/Frameworks/MPSNDArray.framework/Versions/A/MPSNDArray
0x00007fff20a6d000 	/System/Library/PrivateFrameworks/MetalTools.framework/Versions/A/MetalTools
0x00007fff29224000 	/System/Library/PrivateFrameworks/AggregateDictionary.framework/Versions/A/AggregateDictionary
0x00007fff26362000 	/System/Library/PrivateFrameworks/CoreAnalytics.framework/Versions/A/CoreAnalytics
0x00007fff2a8a3000 	/System/Library/PrivateFrameworks/AppleSauce.framework/Versions/A/AppleSauce
0x00007fff2852a000 	/System/Library/PrivateFrameworks/IOAccelerator.framework/Versions/A/IOAccelerator
0x00007fff6cb39000 	/System/Library/Frameworks/OpenGL.framework/Versions/A/Libraries/libCoreFSCache.dylib
0x00007fff213e7000 	/System/Library/PrivateFrameworks/LanguageModeling.framework/Versions/A/LanguageModeling
0x00007fff29a6d000 	/System/Library/PrivateFrameworks/CoreEmoji.framework/Versions/A/CoreEmoji
0x00007fff292cd000 	/System/Library/PrivateFrameworks/LinguisticData.framework/Versions/A/LinguisticData
0x00007fff20cda000 	/System/Library/PrivateFrameworks/Lexicon.framework/Versions/A/Lexicon
0x00007fff2a7b5000 	/usr/lib/libcmph.dylib
0x00007fff27359000 	/System/Library/Frameworks/OpenDirectory.framework/Versions/A/Frameworks/CFOpenDirectory.framework/Versions/A/CFOpenDirectory
0x00007fff27349000 	/System/Library/Frameworks/OpenDirectory.framework/Versions/A/OpenDirectory
0x00007fff2ad31000 	/System/Library/PrivateFrameworks/APFS.framework/Versions/A/APFS
0x00007fff29d92000 	/System/Library/Frameworks/SecurityFoundation.framework/Versions/A/SecurityFoundation
0x00007fff2ae3a000 	/usr/lib/libutil.dylib
0x00007fff229f5000 	/System/Library/PrivateFrameworks/CoreServicesStore.framework/Versions/A/CoreServicesStore
0x00007fff29e29000 	/System/Library/Frameworks/ServiceManagement.framework/Versions/A/ServiceManagement
0x00007fff2ae3e000 	/usr/lib/libxslt.1.dylib
0x00007fff29e1f000 	/System/Library/PrivateFrameworks/BackgroundTaskManagement.framework/Versions/A/BackgroundTaskManagement
0x00007fff2bf82000 	/System/Library/Frameworks/ImageIO.framework/Versions/A/Resources/libRadiance.dylib
0x00007fff2bf8b000 	/System/Library/Frameworks/ImageIO.framework/Versions/A/Resources/libJPEG.dylib
0x00007fff2bed7000 	/System/Library/Frameworks/ImageIO.framework/Versions/A/Resources/libPng.dylib
0x00007fff2befe000 	/System/Library/Frameworks/ImageIO.framework/Versions/A/Resources/libTIFF.dylib
0x00007fff2bfe0000 	/System/Library/Frameworks/ImageIO.framework/Versions/A/Resources/libGIF.dylib
0x00007fff2bc3b000 	/System/Library/Frameworks/ImageIO.framework/Versions/A/Resources/libJP2.dylib
0x00007fff2b325000 	/usr/lib/libexpat.1.dylib
0x00007fff2bbf0000 	/System/Library/PrivateFrameworks/AppleJPEG.framework/Versions/A/AppleJPEG
0x00007fff28760000 	/System/Library/PrivateFrameworks/FontServices.framework/libFontParser.dylib
0x00007fff2610c000 	/System/Library/PrivateFrameworks/RunningBoardServices.framework/Versions/A/RunningBoardServices
0x00007fff2bd19000 	/System/Library/PrivateFrameworks/WatchdogClient.framework/Versions/A/WatchdogClient
0x00007fff214d4000 	/System/Library/Frameworks/CoreDisplay.framework/Versions/A/CoreDisplay
0x00007fff28676000 	/System/Library/Frameworks/CoreMedia.framework/Versions/A/CoreMedia
0x00007fff274d6000 	/System/Library/Frameworks/CoreVideo.framework/Versions/A/CoreVideo
0x00007fff2bd51000 	/System/Library/Frameworks/VideoToolbox.framework/Versions/A/VideoToolbox
0x00007fff2608a000 	/System/Library/PrivateFrameworks/BaseBoard.framework/Versions/A/BaseBoard
0x00007fff2b46a000 	/System/Library/PrivateFrameworks/PersistentConnection.framework/Versions/A/PersistentConnection
0x00007fff25e25000 	/System/Library/PrivateFrameworks/ProtocolBuffer.framework/Versions/A/ProtocolBuffer
0x00007fff26071000 	/System/Library/PrivateFrameworks/CommonUtilities.framework/Versions/A/CommonUtilities
0x00007fff2bb85000 	/System/Library/PrivateFrameworks/Bom.framework/Versions/A/Bom
0x00007fff2bf7b000 	/System/Library/PrivateFrameworks/GPUWrangler.framework/Versions/A/GPUWrangler
0x00007fff2bf5e000 	/System/Library/PrivateFrameworks/IOPresentment.framework/Versions/A/IOPresentment
0x00007fff2bf85000 	/System/Library/PrivateFrameworks/DSExternalDisplay.framework/Versions/A/DSExternalDisplay
0x00007fff2bfe5000 	/System/Library/PrivateFrameworks/CMCaptureCore.framework/Versions/A/CMCaptureCore
0x00007fff2b90a000 	/System/Library/PrivateFrameworks/AppServerSupport.framework/Versions/A/AppServerSupport
0x00007fff2d9b9000 	/System/Library/PrivateFrameworks/perfdata.framework/Versions/A/perfdata
0x00007fff29d81000 	/System/Library/PrivateFrameworks/AssertionServices.framework/Versions/A/AssertionServices
0x00007fff2160b000 	/System/Library/PrivateFrameworks/AudioToolboxCore.framework/Versions/A/AudioToolboxCore
0x00007fff28659000 	/System/Library/PrivateFrameworks/caulk.framework/Versions/A/caulk
0x00007fff3d664000 	/System/Library/PrivateFrameworks/SystemPolicy.framework/Versions/A/SystemPolicy
0x00007fff2b11a000 	/usr/lib/libIOReport.dylib
0x00007fff2d1db000 	/usr/lib/libSMC.dylib
0x00007fff2bea4000 	/usr/lib/libAudioToolboxUtility.dylib
0x00007fff3dfce000 	/usr/lib/libmis.dylib
0x00007fff6cb95000 	/System/Library/Frameworks/OpenGL.framework/Versions/A/Libraries/libGLU.dylib
0x00007fff6cb58000 	/System/Library/Frameworks/OpenGL.framework/Versions/A/Libraries/libGFXShared.dylib
0x00007fff6cd67000 	/System/Library/Frameworks/OpenGL.framework/Versions/A/Libraries/libGL.dylib
0x00007fff6cb61000 	/System/Library/Frameworks/OpenGL.framework/Versions/A/Libraries/libGLImage.dylib
0x00007fff6cb55000 	/System/Library/Frameworks/OpenGL.framework/Versions/A/Libraries/libCVMSPluginSupport.dylib
0x00007fff6cb40000 	/System/Library/Frameworks/OpenGL.framework/Versions/A/Libraries/libCoreVMClient.dylib
0x00007fff6e1a8000 	/System/Library/Frameworks/OpenCL.framework/Versions/A/OpenCL
0x00007fff2b494000 	/System/Library/PrivateFrameworks/GraphVisualizer.framework/Versions/A/GraphVisualizer
0x00007fff2b4a3000 	/System/Library/PrivateFrameworks/FaceCore.framework/Versions/A/FaceCore
0x00007fff2b8bf000 	/System/Library/PrivateFrameworks/OTSVG.framework/Versions/A/OTSVG
0x00007fff270cd000 	/System/Library/Frameworks/ApplicationServices.framework/Versions/A/Frameworks/ATS.framework/Versions/A/Resources/libFontRegistry.dylib
0x00007fff2b911000 	/System/Library/PrivateFrameworks/FontServices.framework/libhvf.dylib
0x00007fff2b2d1000 	/System/Library/PrivateFrameworks/AppleVA.framework/Versions/A/AppleVA
0x00007fff2d024000 	/System/Library/Frameworks/ApplicationServices.framework/Versions/A/Frameworks/ATS.framework/Versions/A/ATS
0x00007fff2d336000 	/System/Library/Frameworks/ApplicationServices.framework/Versions/A/Frameworks/ColorSyncLegacy.framework/Versions/A/ColorSyncLegacy
0x00007fff255ee000 	/System/Library/Frameworks/ApplicationServices.framework/Versions/A/Frameworks/HIServices.framework/Versions/A/HIServices
0x00007fff2d31b000 	/System/Library/Frameworks/ApplicationServices.framework/Versions/A/Frameworks/LangAnalysis.framework/Versions/A/LangAnalysis
0x00007fff2bfef000 	/System/Library/Frameworks/ApplicationServices.framework/Versions/A/Frameworks/PrintCore.framework/Versions/A/PrintCore
0x00007fff2d33e000 	/System/Library/Frameworks/ApplicationServices.framework/Versions/A/Frameworks/QD.framework/Versions/A/QD
0x00007fff2d014000 	/System/Library/Frameworks/ApplicationServices.framework/Versions/A/Frameworks/SpeechSynthesis.framework/Versions/A/SpeechSynthesis
0x00007fff2bfb0000 	/System/Library/Frameworks/ApplicationServices.framework/Versions/A/Frameworks/ATSUI.framework/Versions/A/ATSUI
0x00007fff2d2bb000 	/usr/lib/libcups.2.dylib
0x00007fff2d32b000 	/System/Library/PrivateFrameworks/NetAuth.framework/Versions/A/NetAuth
0x00007fff2d9d5000 	/System/Library/Frameworks/Kerberos.framework/Versions/A/Kerberos
0x00007fff2d9e5000 	/System/Library/Frameworks/GSS.framework/Versions/A/GSS
0x00007fff2d090000 	/usr/lib/libresolv.9.dylib
0x00007fff2b926000 	/System/Library/PrivateFrameworks/Heimdal.framework/Versions/A/Heimdal
0x00007fff33769000 	/System/Library/Frameworks/Kerberos.framework/Versions/A/Libraries/libHeimdalProxy.dylib
0x00007fff261dd000 	/System/Library/Frameworks/Network.framework/Versions/A/Network
0x00007fff2b33f000 	/usr/lib/libheimdal-asn1.dylib
0x00007fff2da35000 	/System/Library/PrivateFrameworks/CommonAuth.framework/Versions/A/CommonAuth
0x00007fff27523000 	/System/Library/PrivateFrameworks/login.framework/Versions/A/Frameworks/loginsupport.framework/Versions/A/loginsupport
0x00007fff2cf99000 	/System/Library/PrivateFrameworks/AudioSession.framework/Versions/A/AudioSession
0x00007fff2d001000 	/usr/lib/libAudioStatistics.dylib
0x00007fff2b3cc000 	/System/Library/PrivateFrameworks/MediaExperience.framework/Versions/A/MediaExperience
0x00007fff2ce36000 	/System/Library/PrivateFrameworks/AudioSession.framework/libSessionUtility.dylib
0x00007fff2d9c6000 	/usr/lib/libperfcheck.dylib
0x00007fff2d34a000 	/System/Library/PrivateFrameworks/AudioResourceArbitration.framework/Versions/A/AudioResourceArbitration
0x00007fff2b349000 	/System/Library/PrivateFrameworks/IconFoundation.framework/Versions/A/IconFoundation
0x00007fff2fe73000 	/System/Library/PrivateFrameworks/SpeechRecognitionCore.framework/Versions/A/SpeechRecognitionCore
0x0000000110800000 	/Applications/jGRASP.app/Contents/Resources/jgrasp/bundled/java/Contents/Home/lib/server/libjvm.dylib
0x000000010c4b1000 	/Applications/jGRASP.app/Contents/Resources/jgrasp/bundled/java/Contents/Home/lib/libjimage.dylib
0x000000010c513000 	/Applications/jGRASP.app/Contents/Resources/jgrasp/bundled/java/Contents/Home/lib/libjava.dylib
0x00000001330ac000 	/Applications/jGRASP.app/Contents/Resources/jgrasp/bundled/java/Contents/Home/lib/libnio.dylib
0x00000001330da000 	/Applications/jGRASP.app/Contents/Resources/jgrasp/bundled/java/Contents/Home/lib/libnet.dylib
0x0000000133133000 	/Applications/jGRASP.app/Contents/Resources/jgrasp/bundled/java/Contents/Home/lib/libawt.dylib
0x00000001332ad000 	/Applications/jGRASP.app/Contents/Resources/jgrasp/bundled/java/Contents/Home/lib/libmlib_image.dylib
0x00007fff6f9d5000 	/System/Library/Frameworks/JavaNativeFoundation.framework/Versions/A/JavaNativeFoundation
0x00007fff6f9e1000 	/System/Library/Frameworks/JavaRuntimeSupport.framework/Versions/A/JavaRuntimeSupport
0x00007fff3d3dc000 	/System/Library/Frameworks/Carbon.framework/Versions/A/Carbon
0x00007fff31e3d000 	/System/Library/PrivateFrameworks/CoreSymbolication.framework/Versions/A/CoreSymbolication
0x00007fff366d6000 	/System/Library/Frameworks/Carbon.framework/Versions/A/Frameworks/CommonPanels.framework/Versions/A/CommonPanels
0x00007fff33223000 	/System/Library/Frameworks/Carbon.framework/Versions/A/Frameworks/Help.framework/Versions/A/Help
0x00007fff366da000 	/System/Library/Frameworks/Carbon.framework/Versions/A/Frameworks/ImageCapture.framework/Versions/A/ImageCapture
0x00007fff366b2000 	/System/Library/Frameworks/Carbon.framework/Versions/A/Frameworks/OpenScripting.framework/Versions/A/OpenScripting
0x00007fff366d2000 	/System/Library/Frameworks/Carbon.framework/Versions/A/Frameworks/Ink.framework/Versions/A/Ink
0x00007fff3d3d8000 	/System/Library/Frameworks/Carbon.framework/Versions/A/Frameworks/Print.framework/Versions/A/Print
0x00007fff366ce000 	/System/Library/Frameworks/Carbon.framework/Versions/A/Frameworks/SecurityHI.framework/Versions/A/SecurityHI
0x00007fff31e00000 	/System/Library/PrivateFrameworks/DebugSymbols.framework/Versions/A/DebugSymbols
0x0000000133406000 	/Applications/jGRASP.app/Contents/Resources/jgrasp/bundled/java/Contents/Home/lib/libawt_lwawt.dylib
0x000000013359a000 	/Applications/jGRASP.app/Contents/Resources/jgrasp/bundled/java/Contents/Home/lib/libosxapp.dylib
0x00007fff3c79c000 	/System/Library/Frameworks/ExceptionHandling.framework/Versions/A/ExceptionHandling
0x0000000133657000 	/Applications/jGRASP.app/Contents/Resources/jgrasp/bundled/java/Contents/Home/lib/libfontmanager.dylib
0x00000001338f1000 	/Applications/jGRASP.app/Contents/Resources/jgrasp/bundled/java/Contents/Home/lib/libfreetype.dylib
0x00007fff229b6000 	/System/Library/PrivateFrameworks/CoreServicesInternal.framework/Versions/A/CoreServicesInternal
0x00007fff31359000 	/System/Library/Frameworks/FileProvider.framework/Versions/A/FileProvider
0x00007fff25ff4000 	/System/Library/Frameworks/Accounts.framework/Versions/A/Accounts
0x00007fff3147a000 	/System/Library/PrivateFrameworks/GenerationalStorage.framework/Versions/A/GenerationalStorage
0x00007fff30d78000 	/System/Library/PrivateFrameworks/SymptomDiagnosticReporter.framework/Versions/A/SymptomDiagnosticReporter
0x00007fff2e67e000 	/System/Library/PrivateFrameworks/AppContainer.framework/Versions/A/AppContainer
0x00007fff23b02000 	/System/Library/PrivateFrameworks/DesktopServicesPriv.framework/Versions/A/DesktopServicesPriv
0x00007fff22aeb000 	/usr/lib/libsandbox.1.dylib
0x00007fff2754f000 	/System/Library/PrivateFrameworks/UserManagement.framework/Versions/A/UserManagement
0x00007fff29d5e000 	/System/Library/PrivateFrameworks/MobileKeyBag.framework/Versions/A/MobileKeyBag
0x00007fff347d3000 	/System/Library/PrivateFrameworks/ChunkingLibrary.framework/Versions/A/ChunkingLibrary
0x00007fff2e693000 	/System/Library/PrivateFrameworks/SecCodeWrapper.framework/Versions/A/SecCodeWrapper
0x00007fff2b122000 	/System/Library/PrivateFrameworks/CrashReporterSupport.framework/Versions/A/CrashReporterSupport
0x00007fff48556000 	/System/Library/PrivateFrameworks/OSAnalytics.framework/Versions/A/OSAnalytics
0x00007fff7836d000 	/usr/lib/libRosetta.dylib
0x00007fff331b4000 	/System/Library/PrivateFrameworks/RemoteServiceDiscovery.framework/Versions/A/RemoteServiceDiscovery
0x00007fff5252d000 	/System/Library/PrivateFrameworks/Symbolication.framework/Versions/A/Symbolication
0x00007fff331c4000 	/System/Library/PrivateFrameworks/RemoteXPC.framework/Versions/A/RemoteXPC
0x00007fff396cf000 	/System/Library/PrivateFrameworks/OSAServicesClient.framework/Versions/A/OSAServicesClient
0x00007fff3dfad000 	/System/Library/PrivateFrameworks/MallocStackLogging.framework/Versions/A/MallocStackLogging
0x00007fff2e415000 	/System/Library/PrivateFrameworks/Sharing.framework/Versions/A/Sharing
0x00007fff32d91000 	/System/Library/PrivateFrameworks/Apple80211.framework/Versions/A/Apple80211
0x00007fff2a3e4000 	/System/Library/PrivateFrameworks/AuthKit.framework/Versions/A/AuthKit
0x00007fff29b5e000 	/System/Library/PrivateFrameworks/CoreUtils.framework/Versions/A/CoreUtils
0x00007fff29a8b000 	/System/Library/Frameworks/CoreWLAN.framework/Versions/A/CoreWLAN
0x00007fff2e55d000 	/System/Library/Frameworks/IOBluetooth.framework/Versions/A/IOBluetooth
0x00007fff32df5000 	/System/Library/PrivateFrameworks/CoreWiFi.framework/Versions/A/CoreWiFi
0x00007fff2dabd000 	/System/Library/PrivateFrameworks/CorePhoneNumbers.framework/Versions/A/CorePhoneNumbers
0x00007fff30e80000 	/System/Library/PrivateFrameworks/DiskManagement.framework/Versions/A/DiskManagement
0x00007fff30d96000 	/System/Library/PrivateFrameworks/AppleIDAuthSupport.framework/Versions/A/AppleIDAuthSupport
0x00007fff2da9a000 	/System/Library/PrivateFrameworks/KeychainCircle.framework/Versions/A/KeychainCircle
0x00007fff30e4c000 	/System/Library/PrivateFrameworks/MediaKit.framework/Versions/A/MediaKit
0x00007fff30da3000 	/System/Library/Frameworks/DiscRecording.framework/Versions/A/DiscRecording
0x00007fff2b245000 	/usr/lib/libCoreStorage.dylib
0x00007fff3322f000 	/usr/lib/libcsfde.dylib
0x00007fff2e697000 	/System/Library/PrivateFrameworks/ProtectedCloudStorage.framework/Versions/A/ProtectedCloudStorage
0x00007fff33227000 	/System/Library/PrivateFrameworks/EFILogin.framework/Versions/A/EFILogin
0x00007fff3381c000 	/System/Library/Frameworks/AudioUnit.framework/Versions/A/AudioUnit
0x00007fff30d15000 	/System/Library/Frameworks/CoreBluetooth.framework/Versions/A/CoreBluetooth
0x00007fff2b23d000 	/usr/lib/libMatch.1.dylib
0x00007fff441e7000 	/System/Library/CoreServices/RawCamera.bundle/Contents/MacOS/RawCamera
0x00007fff2da46000 	/System/Library/PrivateFrameworks/MobileAsset.framework/Versions/A/MobileAsset
0x00007fff33841000 	/System/Library/PrivateFrameworks/StreamingZip.framework/Versions/A/StreamingZip
0x00007fff2c1e8000 	/System/Library/Frameworks/MediaToolbox.framework/Versions/A/MediaToolbox
0x00007fff3132b000 	/System/Library/PrivateFrameworks/CoreAVCHD.framework/Versions/A/CoreAVCHD
0x00007fff304df000 	/System/Library/Frameworks/MediaAccessibility.framework/Versions/A/MediaAccessibility
0x00007fff31327000 	/System/Library/PrivateFrameworks/Mangrove.framework/Versions/A/Mangrove
0x00007fff304eb000 	/System/Library/PrivateFrameworks/AlgosScoreFramework.framework/Versions/A/AlgosScoreFramework
0x00007fff31cf0000 	/System/Library/PrivateFrameworks/AppleVPA.framework/Versions/A/AppleVPA
0x00007fff30f6c000 	/System/Library/PrivateFrameworks/CoreAUC.framework/Versions/A/CoreAUC
0x00007fff41bda000 	/System/Library/Frameworks/Accelerate.framework/Versions/A/Frameworks/vImage.framework/Versions/A/Libraries/libCGInterfaces.dylib
0x0000000135f0a000 	/usr/lib/libobjc-trampolines.dylib
0x00007fff27251000 	/System/Library/PrivateFrameworks/ViewBridge.framework/Versions/A/ViewBridge
0x00007fff2b9e7000 	/System/Library/PrivateFrameworks/login.framework/Versions/A/login
0x0000000136d60000 	/Applications/jGRASP.app/Contents/Resources/jgrasp/bundled/java/Contents/Home/lib/libosxui.dylib
0x00007fff6cd72000 	/System/Library/Frameworks/OpenGL.framework/Versions/A/Resources/GLEngine.bundle/GLEngine
0x00007fff6cbd2000 	/System/Library/Frameworks/OpenGL.framework/Versions/A/Libraries/libGLProgrammability.dylib
0x00000001387a9000 	/System/Library/Extensions/AppleMetalOpenGLRenderer.bundle/Contents/MacOS/AppleMetalOpenGLRenderer
0x00007fff6ceee000 	/System/Library/Frameworks/OpenGL.framework/Versions/A/Resources/GLRendererFloat.bundle/GLRendererFloat
0x00000001388fe000 	/System/Library/Extensions/AGXMetal13_3.bundle/Contents/MacOS/AGXMetal13_3
0x00007fff38a2c000 	/System/Library/PrivateFrameworks/IOGPU.framework/Versions/A/IOGPU
0x00007fff6a6cb000 	/System/Library/PrivateFrameworks/GPUCompiler.framework/Versions/31001/Libraries/libmetal_timestamp.dylib
0x00007fff3051c000 	/System/Library/PrivateFrameworks/SystemAdministration.framework/Versions/A/SystemAdministration
0x00007fff2fe3b000 	/System/Library/Frameworks/DirectoryService.framework/Versions/A/DirectoryService
0x00007fff330cd000 	/System/Library/PrivateFrameworks/DiskImages.framework/Versions/A/DiskImages
0x00007fff332a1000 	/System/Library/PrivateFrameworks/LoginUIKit.framework/Versions/A/Frameworks/LoginUICore.framework/Versions/A/LoginUICore
0x00007fff2bb81000 	/usr/lib/libodfde.dylib
0x00007fff3323b000 	/usr/lib/libcurl.4.dylib
0x00007fff32f9b000 	/usr/lib/libcrypto.44.dylib
0x00007fff3309f000 	/usr/lib/libssl.46.dylib
0x00007fff32f61000 	/System/Library/Frameworks/LDAP.framework/Versions/A/LDAP
0x00007fff32f99000 	/System/Library/PrivateFrameworks/TrustEvaluationAgent.framework/Versions/A/TrustEvaluationAgent
0x00007fff2d0a9000 	/usr/lib/libsasl2.2.dylib
0x00007fff30510000 	/System/Library/PrivateFrameworks/CoreDaemon.framework/Versions/B/CoreDaemon
0x00007fff3050b000 	/System/Library/PrivateFrameworks/AppleSRP.framework/Versions/A/AppleSRP


VM Arguments:
java_command: DivisionDriver
java_class_path (initial): :.:::/Applications/jGRASP.app/Contents/Resources/jgrasp/extensions/classes
Launcher Type: SUN_STANDARD

[Global flags]
     intx CICompilerCount                          = 4                                         {product} {ergonomic}
     uint ConcGCThreads                            = 2                                         {product} {ergonomic}
     uint G1ConcRefinementThreads                  = 8                                         {product} {ergonomic}
   size_t G1HeapRegionSize                         = 1048576                                   {product} {ergonomic}
    uintx GCDrainStackTargetSize                   = 64                                        {product} {ergonomic}
   size_t InitialHeapSize                          = 134217728                                 {product} {ergonomic}
   size_t MarkStackSize                            = 4194304                                   {product} {ergonomic}
   size_t MaxHeapSize                              = 2147483648                                {product} {ergonomic}
   size_t MaxNewSize                               = 1287651328                                {product} {ergonomic}
   size_t MinHeapDeltaBytes                        = 1048576                                   {product} {ergonomic}
   size_t MinHeapSize                              = 8388608                                   {product} {ergonomic}
    uintx NonNMethodCodeHeapSize                   = 5839372                                {pd product} {ergonomic}
    uintx NonProfiledCodeHeapSize                  = 122909434                              {pd product} {ergonomic}
    uintx ProfiledCodeHeapSize                     = 122909434                              {pd product} {ergonomic}
    uintx ReservedCodeCacheSize                    = 251658240                              {pd product} {ergonomic}
     bool SegmentedCodeCache                       = true                                      {product} {ergonomic}
   size_t SoftMaxHeapSize                          = 2147483648                             {manageable} {ergonomic}
     bool UseCompressedClassPointers               = true                                 {lp64_product} {ergonomic}
     bool UseCompressedOops                        = true                                 {lp64_product} {ergonomic}
     bool UseG1GC                                  = true                                      {product} {ergonomic}
     bool UseNUMA                                  = false                                     {product} {ergonomic}
     bool UseNUMAInterleaving                      = false                                     {product} {ergonomic}

Logging:
Log output configuration:
 #0: stdout all=warning uptime,level,tags
 #1: stderr all=off uptime,level,tags

Environment Variables:
CLASSPATH=:.:::/Applications/jGRASP.app/Contents/Resources/jgrasp/extensions/classes
PATH=:/Applications/jGRASP.app/Contents/resources/jgrasp/bundled/java/Contents/Home/bin:/usr/bin:/bin:/usr/sbin:/sbin
SHELL=/bin/bash

Signal Handlers:
SIGSEGV: [libjvm.dylib+0xa00020], sa_mask[0]=11111111111111111111111111111111, sa_flags=SA_ONSTACK|SA_RESTART|SA_SIGINFO
SIGBUS: [libjvm.dylib+0xa00020], sa_mask[0]=11111111111111111111111111111111, sa_flags=SA_RESTART|SA_SIGINFO
SIGFPE: [libjvm.dylib+0xa00020], sa_mask[0]=11111111111111111111111111111111, sa_flags=SA_RESTART|SA_SIGINFO
SIGPIPE: [libjvm.dylib+0x82b7f0], sa_mask[0]=11111111111111111111111111111111, sa_flags=SA_RESTART|SA_SIGINFO
SIGXFSZ: [libjvm.dylib+0x82b7f0], sa_mask[0]=11111111111111111111111111111111, sa_flags=SA_RESTART|SA_SIGINFO
SIGILL: [libjvm.dylib+0xa00020], sa_mask[0]=11111111111111111111111111111111, sa_flags=SA_RESTART|SA_SIGINFO
SIGUSR2: [libjvm.dylib+0x82c300], sa_mask[0]=00100000000000000000000000000000, sa_flags=SA_RESTART|SA_SIGINFO
SIGHUP: [libjvm.dylib+0x82aa00], sa_mask[0]=11111111111111111111111111111111, sa_flags=SA_RESTART|SA_SIGINFO
SIGINT: [libjvm.dylib+0x82aa00], sa_mask[0]=11111111111111111111111111111111, sa_flags=SA_RESTART|SA_SIGINFO
SIGTERM: [libjvm.dylib+0x82aa00], sa_mask[0]=11111111111111111111111111111111, sa_flags=SA_RESTART|SA_SIGINFO
SIGQUIT: [libjvm.dylib+0x82aa00], sa_mask[0]=11111111111111111111111111111111, sa_flags=SA_RESTART|SA_SIGINFO


---------------  S Y S T E M  ---------------

OS:uname: Darwin 20.3.0 Darwin Kernel Version 20.3.0: Thu Jan 21 00:06:51 PST 2021; root:xnu-7195.81.3~1/RELEASE_ARM64_T8101 x86_64
OS uptime: 25 days 8:01 hours
rlimit (soft/hard): STACK 8176k/65520k , CORE 0k/infinity , NPROC 1333/2000 , NOFILE 10240/infinity , AS infinity/infinity , CPU infinity/infinity , DATA infinity/infinity , FSIZE infinity/infinity , MEMLOCK infinity/infinity , RSS infinity/infinity
load average: 1.84 1.63 1.58

CPU: total 8 (initial active 8) (1 cores per cpu, 1 threads per core) family 6 model 44 stepping 0 microcode 0x0, cmov, cx8, fxsr, mmx, sse, sse2, sse3, ssse3, sse4.1, sse4.2, popcnt, aes, clmul, tsc, tscinvbit, tscinv, clflush

Memory: 4k page, physical 8388608k(26364k free), swap 6291456k(546304k free)

vm_info: OpenJDK 64-Bit Server VM (15.0.1+9-18) for bsd-amd64 JRE (15.0.1+9-18), built on Sep 15 2020 13:39:50 by "mach5one" with clang 4.2.1 Compatible Apple LLVM 10.0.0 (clang-1000.11.45.5)

END.
